
           ___      .______        ______  __    __  .______      
          /   \     |   _  \      /      ||  |  |  | |   _  \     
         /  ^  \    |  |_)  |    |  ,----'|  |__|  | |  |_)  |    
        /  /_\  \   |      /     |  |     |   __   | |      /     
       /  _____  \  |  |\  \\___ |  `----.|  |  |  | |  |\  \\___.
      /__/     \__\ | _| `._____| \______||__|  |__| | _| `._____|
    
Logging With ArchR!

Start Time : 2024-04-17 15:02:19

------- ArchR Info

ArchRThreads = 1
ArchRGenome = Hg38

------- System Info

Computer OS = unix
Total Cores = 128

------- Session Info

R version 4.2.3 (2023-03-15)
Platform: x86_64-conda-linux-gnu (64-bit)
Running under: CentOS Linux 7 (Core)

Matrix products: default
BLAS/LAPACK: /lilac/home/paddockl/miniconda3/envs/multiome_winner/lib/libopenblasp-r0.3.23.so

locale:
 [1] LC_CTYPE=en_US.UTF-8       LC_NUMERIC=C              
 [3] LC_TIME=en_US.UTF-8        LC_COLLATE=en_US.UTF-8    
 [5] LC_MONETARY=en_US.UTF-8    LC_MESSAGES=en_US.UTF-8   
 [7] LC_PAPER=en_US.UTF-8       LC_NAME=C                 
 [9] LC_ADDRESS=C               LC_TELEPHONE=C            
[11] LC_MEASUREMENT=en_US.UTF-8 LC_IDENTIFICATION=C       

attached base packages:
 [1] grid      parallel  stats4    stats     graphics  grDevices utils    
 [8] datasets  methods   base     

other attached packages:
 [1] gridExtra_2.3                     Rsamtools_2.14.0                 
 [3] BSgenome.Hsapiens.UCSC.hg38_1.4.5 BSgenome_1.66.3                  
 [5] rtracklayer_1.58.0                Biostrings_2.66.0                
 [7] XVector_0.38.0                    ArchR_1.0.1                      
 [9] magrittr_2.0.3                    rhdf5_2.42.1                     
[11] Matrix_1.5-4.1                    data.table_1.14.8                
[13] SummarizedExperiment_1.28.0       Biobase_2.58.0                   
[15] GenomicRanges_1.50.2              GenomeInfoDb_1.34.9              
[17] IRanges_2.32.0                    S4Vectors_0.36.2                 
[19] BiocGenerics_0.44.0               MatrixGenerics_1.10.0            
[21] matrixStats_1.0.0                 ggplot2_3.4.2                    

loaded via a namespace (and not attached):
 [1] tidyselect_1.2.0         lattice_0.21-8           colorspace_2.1-0        
 [4] vctrs_0.6.3              generics_0.1.3           yaml_2.3.7              
 [7] utf8_1.2.3               XML_3.99-0.14            rlang_1.1.1             
[10] pillar_1.9.0             glue_1.6.2               withr_2.5.0             
[13] BiocParallel_1.32.6      GenomeInfoDbData_1.2.9   lifecycle_1.0.3         
[16] stringr_1.5.0            zlibbioc_1.44.0          munsell_0.5.0           
[19] gtable_0.3.3             codetools_0.2-19         restfulr_0.0.15         
[22] labeling_0.4.2           Cairo_1.6-0              fansi_1.0.4             
[25] Rcpp_1.0.10              scales_1.2.1             DelayedArray_0.24.0     
[28] farver_2.1.1             rjson_0.2.21             stringi_1.7.12          
[31] dplyr_1.1.2              BiocIO_1.8.0             cli_3.6.1               
[34] tools_4.2.3              bitops_1.0-7             rhdf5filters_1.10.1     
[37] RCurl_1.98-1.12          tibble_3.2.1             crayon_1.5.2            
[40] pkgconfig_2.0.3          MASS_7.3-60              Rhdf5lib_1.20.0         
[43] R6_2.5.1                 GenomicAlignments_1.34.1 compiler_4.2.3          


------- Log Info


2024-04-17 15:02:19 : createArrowFiles Input-Parameters, Class = list

createArrowFiles Input-Parameters$inputFiles: length = 1
                                                                                 Sample_BCG_h4 
"/data/peer/lpaddock/repos/multiome_QC_preprocessing/data/Sample_BCG_h4/atac_fragments.tsv.gz" 


createArrowFiles Input-Parameters$sampleNames: length = 1
[1] "Sample_BCG_h4"


createArrowFiles Input-Parameters$outputNames: length = 1
[1] "Sample_BCG_h4"


createArrowFiles Input-Parameters$validBarcodes: length = 0
NULL


createArrowFiles Input-Parameters$minTSS: length = 1
[1] 0


createArrowFiles Input-Parameters$minFrags: length = 1
[1] 1


createArrowFiles Input-Parameters$maxFrags: length = 1
[1] 1e+20


createArrowFiles Input-Parameters$QCDir: length = 1
[1] "QualityControl"


createArrowFiles Input-Parameters$nucLength: length = 1
[1] 147


createArrowFiles Input-Parameters$promoterRegion: length = 2
[1] 2000  100


createArrowFiles Input-Parameters$excludeChr: length = 1
[1] "chrM"


createArrowFiles Input-Parameters$nChunk: length = 1
[1] 5


createArrowFiles Input-Parameters$bcTag: length = 1
[1] "qname"


createArrowFiles Input-Parameters$gsubExpression: length = 0
NULL


createArrowFiles Input-Parameters$bamFlag: length = 0
NULL


createArrowFiles Input-Parameters$offsetPlus: length = 1
[1] 4


createArrowFiles Input-Parameters$offsetMinus: length = 1
[1] -5


createArrowFiles Input-Parameters$addTileMat: length = 1
[1] TRUE


createArrowFiles Input-Parameters$addGeneScoreMat: length = 1
[1] FALSE


createArrowFiles Input-Parameters$force: length = 1
[1] FALSE


createArrowFiles Input-Parameters$threads: length = 1
[1] 1


createArrowFiles Input-Parameters$parallelParam: length = 0
NULL


createArrowFiles Input-Parameters$subThreading: length = 1
[1] TRUE


createArrowFiles Input-Parameters$verbose: length = 1
[1] TRUE


createArrowFiles Input-Parameters$cleanTmp: length = 1
[1] TRUE


createArrowFiles Input-Parameters$logFile: length = 1
[1] "ArchRLogs/ArchR-createArrows-a932209e6217-Date-2024-04-17_Time-15-02-19.log"


createArrowFiles Input-Parameters$filterFrags: length = 1
[1] 1


createArrowFiles Input-Parameters$filterTSS: length = 1
[1] 0



2024-04-17 15:02:19 : Cleaning Temporary Files
2024-04-17 15:02:19 : Batch Execution w/ safelapply!, 0 mins elapsed.

###########
2024-04-17 15:02:19 : Creating Arrow File Sample_BCG_h4.arrow (Sample_BCG_h4 : 1 of 1)
###########


2024-04-17 15:02:19 : validBC, Class = NULL

validBC: length = 0
NULL



2024-04-17 15:02:19 : (Sample_BCG_h4 : 1 of 1) Determining Arrow Method to use!
2024-04-17 15:02:19 : (Sample_BCG_h4 : 1 of 1) Reading In Fragments from inputFiles (readMethod = tabix), 0 mins elapsed.
2024-04-17 15:02:19 : (Sample_BCG_h4 : 1 of 1) Tabix Bed To Temporary File, 0 mins elapsed.

2024-04-17 15:02:19 : tileChromSizes, Class = GRanges
GRanges object with 120 ranges and 1 metadata column:
        seqnames              ranges strand |     chunkName
           <Rle>           <IRanges>  <Rle> |   <character>
    [1]     chr1          1-49791284      * |   chr1#chunk1
    [2]     chr1   49791285-99582568      * |   chr1#chunk2
    [3]     chr1  99582569-149373853      * |   chr1#chunk3
    [4]     chr1 149373854-199165137      * |   chr1#chunk4
    [5]     chr1 199165138-248956422      * |   chr1#chunk5
    ...      ...                 ...    ... .           ...
  [116]     chrY          1-11445483      * | chrY#chunk116
  [117]     chrY   11445484-22890966      * | chrY#chunk117
  [118]     chrY   22890967-34336449      * | chrY#chunk118
  [119]     chrY   34336450-45781932      * | chrY#chunk119
  [120]     chrY   45781933-57227415      * | chrY#chunk120
  -------
  seqinfo: 24 sequences from an unspecified genome; no seqlengths


2024-04-17 15:02:30 : (Sample_BCG_h4 : 1 of 1) .tabixToTmp Fragments-Chunk-(1 of 120)-chr1:1-49791284, Class = data.table
 
2024-04-17 15:02:30 : (Sample_BCG_h4 : 1 of 1) .tabixToTmp Fragments-Chunk-(1 of 120)-chr1:1-49791284, Class = data.frame
(Sample_BCG_h4 : 1 of 1) .tabixToTmp Fragments-Chunk-(1 of 120)-chr1:1-49791284: nRows = 4241963, nCols = 3
      V2    V3                 V4
1: 10067 10339 AGGATGCAGCATGTTA-1
2: 10072 10279 TACCAAATCCCGTTTA-1
3: 10072 10309 CTTGCGCGTGTTGCAA-1
4: 10074 10191 GGAATCTTCAATGAGG-1
5: 10074 10198 CTTAGGAGTCATGCAA-1
6: 10074 10430 CTAATCCGTTTGAGCA-1



2024-04-17 15:02:30 : (Sample_BCG_h4 : 1 of 1) .tabixToTmp Barcodes-Chunk-(1 of 120)-chr1:1-49791284, Class = character

(Sample_BCG_h4 : 1 of 1) .tabixToTmp Barcodes-Chunk-(1 of 120)-chr1:1-49791284: length = 109076
[1] "AGGATGCAGCATGTTA-1" "TACCAAATCCCGTTTA-1" "CTTGCGCGTGTTGCAA-1"
[4] "GGAATCTTCAATGAGG-1" "CTTAGGAGTCATGCAA-1" "CTAATCCGTTTGAGCA-1"


2024-04-17 15:03:33 : (Sample_BCG_h4 : 1 of 1) Reading TabixFile 8 Percent, 1.244 mins elapsed.
2024-04-17 15:04:37 : (Sample_BCG_h4 : 1 of 1) Reading TabixFile 17 Percent, 2.296 mins elapsed.
2024-04-17 15:05:32 : (Sample_BCG_h4 : 1 of 1) Reading TabixFile 25 Percent, 3.217 mins elapsed.
2024-04-17 15:06:22 : (Sample_BCG_h4 : 1 of 1) Reading TabixFile 33 Percent, 4.05 mins elapsed.
2024-04-17 15:07:06 : (Sample_BCG_h4 : 1 of 1) Reading TabixFile 42 Percent, 4.785 mins elapsed.
2024-04-17 15:07:54 : (Sample_BCG_h4 : 1 of 1) Reading TabixFile 50 Percent, 5.583 mins elapsed.
2024-04-17 15:08:28 : (Sample_BCG_h4 : 1 of 1) Reading TabixFile 58 Percent, 6.162 mins elapsed.
2024-04-17 15:09:03 : (Sample_BCG_h4 : 1 of 1) Reading TabixFile 67 Percent, 6.735 mins elapsed.
2024-04-17 15:09:37 : (Sample_BCG_h4 : 1 of 1) Reading TabixFile 75 Percent, 7.31 mins elapsed.
2024-04-17 15:10:10 : (Sample_BCG_h4 : 1 of 1) Reading TabixFile 83 Percent, 7.856 mins elapsed.
2024-04-17 15:10:29 : (Sample_BCG_h4 : 1 of 1) Reading TabixFile 92 Percent, 8.174 mins elapsed.
2024-04-17 15:10:54 : (Sample_BCG_h4 : 1 of 1) Reading TabixFile 100 Percent, 8.583 mins elapsed.
2024-04-17 15:10:55 : (Sample_BCG_h4 : 1 of 1) Successful creation of Temporary File, 8.597 mins elapsed.
2024-04-17 15:10:55 : (Sample_BCG_h4 : 1 of 1) Creating ArrowFile From Temporary File, 8.597 mins elapsed.

2024-04-17 15:10:55 : (Sample_BCG_h4 : 1 of 1) chunkChrNames, Class = data.frame
(Sample_BCG_h4 : 1 of 1) chunkChrNames: nRows = 118, nCols = 1
     chunkNames
1   chr1#chunk1
2   chr1#chunk2
3   chr1#chunk3
4   chr1#chunk4
5   chr1#chunk5
6 chr10#chunk46


2024-04-17 15:10:55 : (Sample_BCG_h4 : 1 of 1) Counting Unique Barcodes From Temporary File, 8.598 mins elapsed.

2024-04-17 15:11:03 : (Sample_BCG_h4 : 1 of 1) BarcodeFrequencyTable, Class = data.table
 
2024-04-17 15:11:03 : (Sample_BCG_h4 : 1 of 1) BarcodeFrequencyTable, Class = data.frame
(Sample_BCG_h4 : 1 of 1) BarcodeFrequencyTable: nRows = 561570, nCols = 2
            values.V1      V1
1: GTGAATCTCATGCAAC-1 1482557
2: GTGCTCCGTTGAAGCC-1 1420558
3: AGCCAGTGTAAACAAG-1 1410994
4: GTATTGATCCGCACAA-1 1320298
5: AAGCCTGTCTTGCTAT-1 1240663
6: TAGGTGCGTCATGCAA-1 1232458



2024-04-17 15:11:03 : (Sample_BCG_h4 : 1 of 1) BarcodesMinMaxFrags, Class = data.frame
(Sample_BCG_h4 : 1 of 1) BarcodesMinMaxFrags: nRows = 561570, nCols = 1
                  bc
1 GTGAATCTCATGCAAC-1
2 GTGCTCCGTTGAAGCC-1
3 AGCCAGTGTAAACAAG-1
4 GTATTGATCCGCACAA-1
5 AAGCCTGTCTTGCTAT-1
6 TAGGTGCGTCATGCAA-1



2024-04-17 15:11:06 : (Sample_BCG_h4 : 1 of 1) Unique Chromosomes, Class = data.frame
(Sample_BCG_h4 : 1 of 1) Unique Chromosomes: nRows = 24, nCols = 1
   chr
1 chr1
2 chr2
3 chr3
4 chr4
5 chr5
6 chr6


2024-04-17 15:11:06 : (Sample_BCG_h4 : 1 of 1) Adding Chromosome 1 of 24, 8.788 mins elapsed.

2024-04-17 15:11:15 : (Sample_BCG_h4 : 1 of 1) .tmpToArrow Fragments-Chr-(1 of 24)-chr1, Class = IRanges

(Sample_BCG_h4 : 1 of 1) .tmpToArrow Fragments-Chr-(1 of 24)-chr1: length = 14871257
IRanges object with 6 ranges and 1 metadata column:
          start       end     width |                 RG
      <integer> <integer> <integer> |              <Rle>
  [1]     54700     54927       228 | GTGAATCTCATGCAAC-1
  [2]    531163    531193        31 | GTGAATCTCATGCAAC-1
  [3]    601099    601341       243 | GTGAATCTCATGCAAC-1
  [4]    634324    634443       120 | GTGAATCTCATGCAAC-1
  [5]    737563    737762       200 | GTGAATCTCATGCAAC-1
  [6]    766643    766710        68 | GTGAATCTCATGCAAC-1



2024-04-17 15:11:15 : (Sample_BCG_h4 : 1 of 1) .tmpToArrow Barcodes-Chr-(1 of 24)-chr1, Class = data.frame
(Sample_BCG_h4 : 1 of 1) .tmpToArrow Barcodes-Chr-(1 of 24)-chr1: nRows = 195430, nCols = 1
                  bc
1 GTGAATCTCATGCAAC-1
2 GTGCTCCGTTGAAGCC-1
3 AGCCAGTGTAAACAAG-1
4 GTATTGATCCGCACAA-1
5 AAGCCTGTCTTGCTAT-1
6 TAGGTGCGTCATGCAA-1


2024-04-17 15:11:16 : (Sample_BCG_h4 : 1 of 1) Adding Chromosome 2 of 24, 8.955 mins elapsed.
2024-04-17 15:11:27 : (Sample_BCG_h4 : 1 of 1) Adding Chromosome 3 of 24, 9.14 mins elapsed.
2024-04-17 15:11:36 : (Sample_BCG_h4 : 1 of 1) Adding Chromosome 4 of 24, 9.282 mins elapsed.
2024-04-17 15:11:43 : (Sample_BCG_h4 : 1 of 1) Adding Chromosome 5 of 24, 9.399 mins elapsed.
2024-04-17 15:11:50 : (Sample_BCG_h4 : 1 of 1) Adding Chromosome 6 of 24, 9.523 mins elapsed.
2024-04-17 15:11:57 : (Sample_BCG_h4 : 1 of 1) Adding Chromosome 7 of 24, 9.646 mins elapsed.
2024-04-17 15:12:04 : (Sample_BCG_h4 : 1 of 1) Adding Chromosome 8 of 24, 9.758 mins elapsed.
2024-04-17 15:12:10 : (Sample_BCG_h4 : 1 of 1) Adding Chromosome 9 of 24, 9.861 mins elapsed.
2024-04-17 15:12:16 : (Sample_BCG_h4 : 1 of 1) Adding Chromosome 10 of 24, 9.951 mins elapsed.
2024-04-17 15:12:22 : (Sample_BCG_h4 : 1 of 1) Adding Chromosome 11 of 24, 10.052 mins elapsed.
2024-04-17 15:12:28 : (Sample_BCG_h4 : 1 of 1) Adding Chromosome 12 of 24, 10.16 mins elapsed.
2024-04-17 15:12:35 : (Sample_BCG_h4 : 1 of 1) Adding Chromosome 13 of 24, 10.265 mins elapsed.
2024-04-17 15:12:39 : (Sample_BCG_h4 : 1 of 1) Adding Chromosome 14 of 24, 10.335 mins elapsed.
2024-04-17 15:12:43 : (Sample_BCG_h4 : 1 of 1) Adding Chromosome 15 of 24, 10.409 mins elapsed.
2024-04-17 15:12:47 : (Sample_BCG_h4 : 1 of 1) Adding Chromosome 16 of 24, 10.478 mins elapsed.
2024-04-17 15:12:52 : (Sample_BCG_h4 : 1 of 1) Adding Chromosome 17 of 24, 10.555 mins elapsed.
2024-04-17 15:12:57 : (Sample_BCG_h4 : 1 of 1) Adding Chromosome 18 of 24, 10.644 mins elapsed.
2024-04-17 15:13:01 : (Sample_BCG_h4 : 1 of 1) Adding Chromosome 19 of 24, 10.706 mins elapsed.
2024-04-17 15:13:06 : (Sample_BCG_h4 : 1 of 1) Adding Chromosome 20 of 24, 10.793 mins elapsed.
2024-04-17 15:13:10 : (Sample_BCG_h4 : 1 of 1) Adding Chromosome 21 of 24, 10.856 mins elapsed.
2024-04-17 15:13:13 : (Sample_BCG_h4 : 1 of 1) Adding Chromosome 22 of 24, 10.897 mins elapsed.
2024-04-17 15:13:15 : (Sample_BCG_h4 : 1 of 1) Adding Chromosome 23 of 24, 10.944 mins elapsed.
2024-04-17 15:13:20 : (Sample_BCG_h4 : 1 of 1) Adding Chromosome 24 of 24, 11.023 mins elapsed.
2024-04-17 15:13:21 : (Sample_BCG_h4 : 1 of 1) Successful creation of Arrow File, 11.044 mins elapsed.
2024-04-17 15:13:22 : (Sample_BCG_h4 : 1 of 1) Adding Fragment Summary, 11.059 mins elapsed.
2024-04-17 15:14:08 : (Sample_BCG_h4 : 1 of 1) Plotting Fragment Size Distribution, 11.823 mins elapsed.
2024-04-17 15:14:09 : (Sample_BCG_h4 : 1 of 1) Computing TSS Enrichment Scores, 11.842 mins elapsed.
2024-04-17 15:16:21 : (Sample_BCG_h4 : 1 of 1) Computed TSS Scores!, 2.203 mins elapsed.
2024-04-17 15:16:21 : (Sample_BCG_h4 : 1 of 1) CellStats : Number of Cells Pass Filter = 561570 , 14.045 mins elapsed.
2024-04-17 15:16:21 : (Sample_BCG_h4 : 1 of 1) CellStats : Median Frags = 3 , 14.045 mins elapsed.
2024-04-17 15:16:21 : (Sample_BCG_h4 : 1 of 1) CellStats : Median TSS Enrichment = 0 , 14.045 mins elapsed.
2024-04-17 15:16:21 : (Sample_BCG_h4 : 1 of 1) Plotting TSS Enrichment Scores, 14.045 mins elapsed.
2024-04-17 15:16:42 : (Sample_BCG_h4 : 1 of 1) Adding Metadata to Fragments, 14.394 mins elapsed.
2024-04-17 15:16:46 : (Sample_BCG_h4 : 1 of 1) Adding Additional Feature Counts!, 14.454 mins elapsed.
2024-04-17 15:18:46 : (Sample_BCG_h4 : 1 of 1) Finished Adding Additional Feature Counts!, 16.458 mins elapsed.

2024-04-17 15:18:46 : (Sample_BCG_h4 : 1 of 1) Metadata, Class = DFrame
DataFrame with 561570 rows and 12 columns
                    cellNames    nFrags nMonoFrags  nDiFrags nMultiFrags
                  <character> <numeric>  <numeric> <numeric>   <numeric>
1      Sample_BCG_h4#GTGAAT..   1482557     443456    972149       66952
2      Sample_BCG_h4#GTGCTC..   1420558     538581    832009       49968
3      Sample_BCG_h4#AGCCAG..   1410994     445870    904329       60795
4      Sample_BCG_h4#GTATTG..   1320298     486080    793895       40323
5      Sample_BCG_h4#AAGCCT..   1240663     451912    744761       43990
...                       ...       ...        ...       ...         ...
561566 Sample_BCG_h4#GGTCCG..         1          0         1           0
561567 Sample_BCG_h4#GTGGAC..         1          1         0           0
561568 Sample_BCG_h4#GTGTCC..         1          1         0           0
561569 Sample_BCG_h4#TGAAGT..         1          0         1           0
561570 Sample_BCG_h4#TGTGAA..         1          0         1           0
       TSSEnrichment ReadsInTSS      Keep ReadsInPromoter PromoterRatio
           <numeric>  <numeric> <numeric>       <numeric>     <numeric>
1              4.897     109739         1          135697     0.0457645
2              4.131      83568         1          108660     0.0382455
3              2.951      51876         1           80036     0.0283616
4              4.000      74581         1           99726     0.0377665
5              2.284      36570         1           63617     0.0256383
...              ...        ...       ...             ...           ...
561566             0          0         1               0             0
561567             0          0         1               0             0
561568             0          0         1               0             0
561569             0          0         1               0             0
561570             0          0         1               0             0
       ReadsInBlacklist BlacklistRatio
              <numeric>      <numeric>
1                 19378     0.00653533
2                 20878     0.00734852
3                 19718     0.00698727
4                 18529     0.00701698
5                 17107     0.00689430
...                 ...            ...
561566                2              1
561567                2              1
561568                2              1
561569                2              1
561570                2              1

2024-04-17 15:18:54 : (Sample_BCG_h4 : 1 of 1) Removing Fragments from Filtered Cells, 16.58 mins elapsed.
2024-04-17 15:18:54 : (Sample_BCG_h4 : 1 of 1) Creating Filtered Arrow File, 16.581 mins elapsed.

2024-04-17 15:19:00 : (Sample_BCG_h4 : 1 of 1) .filterCellsFromArrow Fragments-Chr-(1 of 24)-chr1, Class = GRanges
GRanges object with 14871257 ranges and 1 metadata column:
             seqnames              ranges strand |                     RG
                <Rle>           <IRanges>  <Rle> |                  <Rle>
         [1]     chr1         54700-54927      * | Sample_BCG_h4#GTGAAT..
         [2]     chr1       531163-531193      * | Sample_BCG_h4#GTGAAT..
         [3]     chr1       601099-601341      * | Sample_BCG_h4#GTGAAT..
         [4]     chr1       634324-634443      * | Sample_BCG_h4#GTGAAT..
         [5]     chr1       737563-737762      * | Sample_BCG_h4#GTGAAT..
         ...      ...                 ...    ... .                    ...
  [14871253]     chr1 242955851-242956039      * | Sample_BCG_h4#TTTGTG..
  [14871254]     chr1 232151268-232151314      * | Sample_BCG_h4#TTTGTG..
  [14871255]     chr1 212415254-212415417      * | Sample_BCG_h4#TTTGTG..
  [14871256]     chr1 210478084-210478364      * | Sample_BCG_h4#TTTGTG..
  [14871257]     chr1 244452089-244452347      * | Sample_BCG_h4#TTTGTT..
  -------
  seqinfo: 1 sequence from an unspecified genome; no seqlengths


2024-04-17 15:19:00 : (Sample_BCG_h4 : 1 of 1) .filterCellsFromArrow Barcodes-Chr-(1 of 24)-chr1, Class = data.frame
(Sample_BCG_h4 : 1 of 1) .filterCellsFromArrow Barcodes-Chr-(1 of 24)-chr1: nRows = 195430, nCols = 1
                                bc
1 Sample_BCG_h4#GTGAATCTCATGCAAC-1
2 Sample_BCG_h4#GTGCTCCGTTGAAGCC-1
3 Sample_BCG_h4#AGCCAGTGTAAACAAG-1
4 Sample_BCG_h4#GTATTGATCCGCACAA-1
5 Sample_BCG_h4#AAGCCTGTCTTGCTAT-1
6 Sample_BCG_h4#TAGGTGCGTCATGCAA-1


2024-04-17 15:20:03 : (Sample_BCG_h4 : 1 of 1) Finished Constructing Filtered Arrow File!, 17.745 mins elapsed.
2024-04-17 15:20:06 : (Sample_BCG_h4 : 1 of 1) Adding TileMatrix!, 17.79 mins elapsed.

2024-04-17 15:20:07 : Sample_BCG_h4 .addTileMat FeatureDF, Class = DFrame
DataFrame with 6176550 rows and 3 columns
           seqnames       idx     start
        <character> <integer> <numeric>
1              chr1         1         0
2              chr1         2       500
3              chr1         3      1000
4              chr1         4      1500
5              chr1         5      2000
...             ...       ...       ...
6176546        chrY    114451  57225000
6176547        chrY    114452  57225500
6176548        chrY    114453  57226000
6176549        chrY    114454  57226500
6176550        chrY    114455  57227000

2024-04-17 15:20:19 : Adding TileMatrix to Sample_BCG_h4 for Chr (1 of 24)!, 0.209 mins elapsed.

2024-04-17 15:20:22 : NTiles_TileMatrix_1_chr1, Class = numeric

NTiles_TileMatrix_1_chr1: length = 1
  chr1 
497913 



2024-04-17 15:20:22 : NCells_TileMatrix_1_chr1, Class = integer

NCells_TileMatrix_1_chr1: length = 1
[1] 561570



2024-04-17 15:20:22 : MinTile_TileMatrix_1_chr1, Class = numeric

MinTile_TileMatrix_1_chr1: length = 1
[1] 21



2024-04-17 15:20:22 : MaxTile_TileMatrix_1_chr1, Class = numeric

MaxTile_TileMatrix_1_chr1: length = 1
[1] 497893



2024-04-17 15:20:22 : MinCell_TileMatrix_1_chr1, Class = integer

MinCell_TileMatrix_1_chr1: length = 1
[1] 1



2024-04-17 15:20:22 : MaxCell_TileMatrix_1_chr1, Class = integer

MaxCell_TileMatrix_1_chr1: length = 1
[1] 444954


2024-04-17 15:20:30 : Adding TileMatrix to Sample_BCG_h4 for Chr (2 of 24)!, 0.403 mins elapsed.

2024-04-17 15:20:33 : NTiles_TileMatrix_2_chr2, Class = numeric

NTiles_TileMatrix_2_chr2: length = 1
  chr2 
484388 



2024-04-17 15:20:33 : NCells_TileMatrix_2_chr2, Class = integer

NCells_TileMatrix_2_chr2: length = 1
[1] 561570



2024-04-17 15:20:33 : MinTile_TileMatrix_2_chr2, Class = numeric

MinTile_TileMatrix_2_chr2: length = 1
[1] 21



2024-04-17 15:20:33 : MaxTile_TileMatrix_2_chr2, Class = numeric

MaxTile_TileMatrix_2_chr2: length = 1
[1] 484367



2024-04-17 15:20:33 : MinCell_TileMatrix_2_chr2, Class = integer

MinCell_TileMatrix_2_chr2: length = 1
[1] 1



2024-04-17 15:20:33 : MaxCell_TileMatrix_2_chr2, Class = integer

MaxCell_TileMatrix_2_chr2: length = 1
[1] 503323


2024-04-17 15:20:41 : Adding TileMatrix to Sample_BCG_h4 for Chr (3 of 24)!, 0.579 mins elapsed.

2024-04-17 15:20:43 : NTiles_TileMatrix_3_chr3, Class = numeric

NTiles_TileMatrix_3_chr3: length = 1
  chr3 
396592 



2024-04-17 15:20:43 : NCells_TileMatrix_3_chr3, Class = integer

NCells_TileMatrix_3_chr3: length = 1
[1] 561570



2024-04-17 15:20:43 : MinTile_TileMatrix_3_chr3, Class = numeric

MinTile_TileMatrix_3_chr3: length = 1
[1] 21



2024-04-17 15:20:43 : MaxTile_TileMatrix_3_chr3, Class = numeric

MaxTile_TileMatrix_3_chr3: length = 1
[1] 396397



2024-04-17 15:20:43 : MinCell_TileMatrix_3_chr3, Class = integer

MinCell_TileMatrix_3_chr3: length = 1
[1] 1



2024-04-17 15:20:43 : MaxCell_TileMatrix_3_chr3, Class = integer

MaxCell_TileMatrix_3_chr3: length = 1
[1] 518770


2024-04-17 15:20:49 : Adding TileMatrix to Sample_BCG_h4 for Chr (4 of 24)!, 0.716 mins elapsed.

2024-04-17 15:20:51 : NTiles_TileMatrix_4_chr4, Class = numeric

NTiles_TileMatrix_4_chr4: length = 1
  chr4 
380430 



2024-04-17 15:20:51 : NCells_TileMatrix_4_chr4, Class = integer

NCells_TileMatrix_4_chr4: length = 1
[1] 561570



2024-04-17 15:20:51 : MinTile_TileMatrix_4_chr4, Class = numeric

MinTile_TileMatrix_4_chr4: length = 1
[1] 21



2024-04-17 15:20:51 : MaxTile_TileMatrix_4_chr4, Class = numeric

MaxTile_TileMatrix_4_chr4: length = 1
[1] 380410



2024-04-17 15:20:51 : MinCell_TileMatrix_4_chr4, Class = integer

MinCell_TileMatrix_4_chr4: length = 1
[1] 1



2024-04-17 15:20:51 : MaxCell_TileMatrix_4_chr4, Class = integer

MaxCell_TileMatrix_4_chr4: length = 1
[1] 525399


2024-04-17 15:20:56 : Adding TileMatrix to Sample_BCG_h4 for Chr (5 of 24)!, 0.836 mins elapsed.

2024-04-17 15:20:58 : NTiles_TileMatrix_5_chr5, Class = numeric

NTiles_TileMatrix_5_chr5: length = 1
  chr5 
363077 



2024-04-17 15:20:58 : NCells_TileMatrix_5_chr5, Class = integer

NCells_TileMatrix_5_chr5: length = 1
[1] 561570



2024-04-17 15:20:58 : MinTile_TileMatrix_5_chr5, Class = numeric

MinTile_TileMatrix_5_chr5: length = 1
[1] 21



2024-04-17 15:20:58 : MaxTile_TileMatrix_5_chr5, Class = numeric

MaxTile_TileMatrix_5_chr5: length = 1
[1] 362956



2024-04-17 15:20:58 : MinCell_TileMatrix_5_chr5, Class = integer

MinCell_TileMatrix_5_chr5: length = 1
[1] 1



2024-04-17 15:20:58 : MaxCell_TileMatrix_5_chr5, Class = integer

MaxCell_TileMatrix_5_chr5: length = 1
[1] 532421


2024-04-17 15:21:04 : Adding TileMatrix to Sample_BCG_h4 for Chr (6 of 24)!, 0.961 mins elapsed.

2024-04-17 15:21:05 : NTiles_TileMatrix_6_chr6, Class = numeric

NTiles_TileMatrix_6_chr6: length = 1
  chr6 
341612 



2024-04-17 15:21:05 : NCells_TileMatrix_6_chr6, Class = integer

NCells_TileMatrix_6_chr6: length = 1
[1] 561570



2024-04-17 15:21:05 : MinTile_TileMatrix_6_chr6, Class = numeric

MinTile_TileMatrix_6_chr6: length = 1
[1] 128



2024-04-17 15:21:05 : MaxTile_TileMatrix_6_chr6, Class = numeric

MaxTile_TileMatrix_6_chr6: length = 1
[1] 341480



2024-04-17 15:21:05 : MinCell_TileMatrix_6_chr6, Class = integer

MinCell_TileMatrix_6_chr6: length = 1
[1] 1



2024-04-17 15:21:05 : MaxCell_TileMatrix_6_chr6, Class = integer

MaxCell_TileMatrix_6_chr6: length = 1
[1] 539665


2024-04-17 15:21:11 : Adding TileMatrix to Sample_BCG_h4 for Chr (7 of 24)!, 1.083 mins elapsed.

2024-04-17 15:21:12 : NTiles_TileMatrix_7_chr7, Class = numeric

NTiles_TileMatrix_7_chr7: length = 1
  chr7 
318692 



2024-04-17 15:21:12 : NCells_TileMatrix_7_chr7, Class = integer

NCells_TileMatrix_7_chr7: length = 1
[1] 561570



2024-04-17 15:21:12 : MinTile_TileMatrix_7_chr7, Class = numeric

MinTile_TileMatrix_7_chr7: length = 1
[1] 21



2024-04-17 15:21:12 : MaxTile_TileMatrix_7_chr7, Class = numeric

MaxTile_TileMatrix_7_chr7: length = 1
[1] 318672



2024-04-17 15:21:13 : MinCell_TileMatrix_7_chr7, Class = integer

MinCell_TileMatrix_7_chr7: length = 1
[1] 1



2024-04-17 15:21:13 : MaxCell_TileMatrix_7_chr7, Class = integer

MaxCell_TileMatrix_7_chr7: length = 1
[1] 546385


2024-04-17 15:21:18 : Adding TileMatrix to Sample_BCG_h4 for Chr (8 of 24)!, 1.199 mins elapsed.

2024-04-17 15:21:19 : NTiles_TileMatrix_8_chr8, Class = numeric

NTiles_TileMatrix_8_chr8: length = 1
  chr8 
290278 



2024-04-17 15:21:19 : NCells_TileMatrix_8_chr8, Class = integer

NCells_TileMatrix_8_chr8: length = 1
[1] 561570



2024-04-17 15:21:19 : MinTile_TileMatrix_8_chr8, Class = numeric

MinTile_TileMatrix_8_chr8: length = 1
[1] 122



2024-04-17 15:21:19 : MaxTile_TileMatrix_8_chr8, Class = numeric

MaxTile_TileMatrix_8_chr8: length = 1
[1] 290158



2024-04-17 15:21:19 : MinCell_TileMatrix_8_chr8, Class = integer

MinCell_TileMatrix_8_chr8: length = 1
[1] 1



2024-04-17 15:21:19 : MaxCell_TileMatrix_8_chr8, Class = integer

MaxCell_TileMatrix_8_chr8: length = 1
[1] 552181


2024-04-17 15:21:25 : Adding TileMatrix to Sample_BCG_h4 for Chr (9 of 24)!, 1.308 mins elapsed.

2024-04-17 15:21:26 : NTiles_TileMatrix_9_chr9, Class = numeric

NTiles_TileMatrix_9_chr9: length = 1
  chr9 
276790 



2024-04-17 15:21:26 : NCells_TileMatrix_9_chr9, Class = integer

NCells_TileMatrix_9_chr9: length = 1
[1] 561570



2024-04-17 15:21:26 : MinTile_TileMatrix_9_chr9, Class = numeric

MinTile_TileMatrix_9_chr9: length = 1
[1] 21



2024-04-17 15:21:26 : MaxTile_TileMatrix_9_chr9, Class = numeric

MaxTile_TileMatrix_9_chr9: length = 1
[1] 276621



2024-04-17 15:21:26 : MinCell_TileMatrix_9_chr9, Class = integer

MinCell_TileMatrix_9_chr9: length = 1
[1] 1



2024-04-17 15:21:26 : MaxCell_TileMatrix_9_chr9, Class = integer

MaxCell_TileMatrix_9_chr9: length = 1
[1] 557441


2024-04-17 15:21:31 : Adding TileMatrix to Sample_BCG_h4 for Chr (10 of 24)!, 1.409 mins elapsed.

2024-04-17 15:21:32 : NTiles_TileMatrix_10_chr10, Class = numeric

NTiles_TileMatrix_10_chr10: length = 1
 chr10 
267595 



2024-04-17 15:21:32 : NCells_TileMatrix_10_chr10, Class = integer

NCells_TileMatrix_10_chr10: length = 1
[1] 561570



2024-04-17 15:21:32 : MinTile_TileMatrix_10_chr10, Class = numeric

MinTile_TileMatrix_10_chr10: length = 1
[1] 21



2024-04-17 15:21:32 : MaxTile_TileMatrix_10_chr10, Class = numeric

MaxTile_TileMatrix_10_chr10: length = 1
[1] 267575



2024-04-17 15:21:32 : MinCell_TileMatrix_10_chr10, Class = integer

MinCell_TileMatrix_10_chr10: length = 1
[1] 1



2024-04-17 15:21:32 : MaxCell_TileMatrix_10_chr10, Class = integer

MaxCell_TileMatrix_10_chr10: length = 1
[1] 450830


2024-04-17 15:21:37 : Adding TileMatrix to Sample_BCG_h4 for Chr (11 of 24)!, 1.516 mins elapsed.

2024-04-17 15:21:38 : NTiles_TileMatrix_11_chr11, Class = numeric

NTiles_TileMatrix_11_chr11: length = 1
 chr11 
270174 



2024-04-17 15:21:38 : NCells_TileMatrix_11_chr11, Class = integer

NCells_TileMatrix_11_chr11: length = 1
[1] 561570



2024-04-17 15:21:38 : MinTile_TileMatrix_11_chr11, Class = numeric

MinTile_TileMatrix_11_chr11: length = 1
[1] 227



2024-04-17 15:21:38 : MaxTile_TileMatrix_11_chr11, Class = numeric

MaxTile_TileMatrix_11_chr11: length = 1
[1] 270154



2024-04-17 15:21:38 : MinCell_TileMatrix_11_chr11, Class = integer

MinCell_TileMatrix_11_chr11: length = 1
[1] 1



2024-04-17 15:21:38 : MaxCell_TileMatrix_11_chr11, Class = integer

MaxCell_TileMatrix_11_chr11: length = 1
[1] 457279


2024-04-17 15:21:44 : Adding TileMatrix to Sample_BCG_h4 for Chr (12 of 24)!, 1.629 mins elapsed.

2024-04-17 15:21:45 : NTiles_TileMatrix_12_chr12, Class = numeric

NTiles_TileMatrix_12_chr12: length = 1
 chr12 
266551 



2024-04-17 15:21:45 : NCells_TileMatrix_12_chr12, Class = integer

NCells_TileMatrix_12_chr12: length = 1
[1] 561570



2024-04-17 15:21:45 : MinTile_TileMatrix_12_chr12, Class = numeric

MinTile_TileMatrix_12_chr12: length = 1
[1] 21



2024-04-17 15:21:45 : MaxTile_TileMatrix_12_chr12, Class = numeric

MaxTile_TileMatrix_12_chr12: length = 1
[1] 266530



2024-04-17 15:21:45 : MinCell_TileMatrix_12_chr12, Class = integer

MinCell_TileMatrix_12_chr12: length = 1
[1] 1



2024-04-17 15:21:45 : MaxCell_TileMatrix_12_chr12, Class = integer

MaxCell_TileMatrix_12_chr12: length = 1
[1] 463334


2024-04-17 15:21:51 : Adding TileMatrix to Sample_BCG_h4 for Chr (13 of 24)!, 1.74 mins elapsed.

2024-04-17 15:21:51 : NTiles_TileMatrix_13_chr13, Class = numeric

NTiles_TileMatrix_13_chr13: length = 1
 chr13 
228729 



2024-04-17 15:21:51 : NCells_TileMatrix_13_chr13, Class = integer

NCells_TileMatrix_13_chr13: length = 1
[1] 561570



2024-04-17 15:21:51 : MinTile_TileMatrix_13_chr13, Class = numeric

MinTile_TileMatrix_13_chr13: length = 1
[1] 32573



2024-04-17 15:21:51 : MaxTile_TileMatrix_13_chr13, Class = numeric

MaxTile_TileMatrix_13_chr13: length = 1
[1] 228709



2024-04-17 15:21:51 : MinCell_TileMatrix_13_chr13, Class = integer

MinCell_TileMatrix_13_chr13: length = 1
[1] 1



2024-04-17 15:21:51 : MaxCell_TileMatrix_13_chr13, Class = integer

MaxCell_TileMatrix_13_chr13: length = 1
[1] 466769


2024-04-17 15:21:56 : Adding TileMatrix to Sample_BCG_h4 for Chr (14 of 24)!, 1.824 mins elapsed.

2024-04-17 15:21:56 : NTiles_TileMatrix_14_chr14, Class = numeric

NTiles_TileMatrix_14_chr14: length = 1
 chr14 
214088 



2024-04-17 15:21:56 : NCells_TileMatrix_14_chr14, Class = integer

NCells_TileMatrix_14_chr14: length = 1
[1] 561570



2024-04-17 15:21:56 : MinTile_TileMatrix_14_chr14, Class = numeric

MinTile_TileMatrix_14_chr14: length = 1
[1] 32047



2024-04-17 15:21:56 : MaxTile_TileMatrix_14_chr14, Class = numeric

MaxTile_TileMatrix_14_chr14: length = 1
[1] 213768



2024-04-17 15:21:56 : MinCell_TileMatrix_14_chr14, Class = integer

MinCell_TileMatrix_14_chr14: length = 1
[1] 1



2024-04-17 15:21:56 : MaxCell_TileMatrix_14_chr14, Class = integer

MaxCell_TileMatrix_14_chr14: length = 1
[1] 471032


2024-04-17 15:22:01 : Adding TileMatrix to Sample_BCG_h4 for Chr (15 of 24)!, 1.913 mins elapsed.

2024-04-17 15:22:02 : NTiles_TileMatrix_15_chr15, Class = numeric

NTiles_TileMatrix_15_chr15: length = 1
 chr15 
203983 



2024-04-17 15:22:02 : NCells_TileMatrix_15_chr15, Class = integer

NCells_TileMatrix_15_chr15: length = 1
[1] 561570



2024-04-17 15:22:02 : MinTile_TileMatrix_15_chr15, Class = numeric

MinTile_TileMatrix_15_chr15: length = 1
[1] 34019



2024-04-17 15:22:02 : MaxTile_TileMatrix_15_chr15, Class = numeric

MaxTile_TileMatrix_15_chr15: length = 1
[1] 203963



2024-04-17 15:22:02 : MinCell_TileMatrix_15_chr15, Class = integer

MinCell_TileMatrix_15_chr15: length = 1
[1] 1



2024-04-17 15:22:02 : MaxCell_TileMatrix_15_chr15, Class = integer

MaxCell_TileMatrix_15_chr15: length = 1
[1] 474840


2024-04-17 15:22:06 : Adding TileMatrix to Sample_BCG_h4 for Chr (16 of 24)!, 1.998 mins elapsed.

2024-04-17 15:22:07 : NTiles_TileMatrix_16_chr16, Class = numeric

NTiles_TileMatrix_16_chr16: length = 1
 chr16 
180677 



2024-04-17 15:22:07 : NCells_TileMatrix_16_chr16, Class = integer

NCells_TileMatrix_16_chr16: length = 1
[1] 561570



2024-04-17 15:22:07 : MinTile_TileMatrix_16_chr16, Class = numeric

MinTile_TileMatrix_16_chr16: length = 1
[1] 20



2024-04-17 15:22:07 : MaxTile_TileMatrix_16_chr16, Class = numeric

MaxTile_TileMatrix_16_chr16: length = 1
[1] 180457



2024-04-17 15:22:07 : MinCell_TileMatrix_16_chr16, Class = integer

MinCell_TileMatrix_16_chr16: length = 1
[1] 1



2024-04-17 15:22:07 : MaxCell_TileMatrix_16_chr16, Class = integer

MaxCell_TileMatrix_16_chr16: length = 1
[1] 479387


2024-04-17 15:22:11 : Adding TileMatrix to Sample_BCG_h4 for Chr (17 of 24)!, 2.087 mins elapsed.

2024-04-17 15:22:12 : NTiles_TileMatrix_17_chr17, Class = numeric

NTiles_TileMatrix_17_chr17: length = 1
 chr17 
166515 



2024-04-17 15:22:12 : NCells_TileMatrix_17_chr17, Class = integer

NCells_TileMatrix_17_chr17: length = 1
[1] 561570



2024-04-17 15:22:12 : MinTile_TileMatrix_17_chr17, Class = numeric

MinTile_TileMatrix_17_chr17: length = 1
[1] 126



2024-04-17 15:22:12 : MaxTile_TileMatrix_17_chr17, Class = numeric

MaxTile_TileMatrix_17_chr17: length = 1
[1] 166495



2024-04-17 15:22:12 : MinCell_TileMatrix_17_chr17, Class = integer

MinCell_TileMatrix_17_chr17: length = 1
[1] 1



2024-04-17 15:22:12 : MaxCell_TileMatrix_17_chr17, Class = integer

MaxCell_TileMatrix_17_chr17: length = 1
[1] 484875


2024-04-17 15:22:17 : Adding TileMatrix to Sample_BCG_h4 for Chr (18 of 24)!, 2.182 mins elapsed.

2024-04-17 15:22:18 : NTiles_TileMatrix_18_chr18, Class = numeric

NTiles_TileMatrix_18_chr18: length = 1
 chr18 
160747 



2024-04-17 15:22:18 : NCells_TileMatrix_18_chr18, Class = integer

NCells_TileMatrix_18_chr18: length = 1
[1] 561570



2024-04-17 15:22:18 : MinTile_TileMatrix_18_chr18, Class = numeric

MinTile_TileMatrix_18_chr18: length = 1
[1] 21



2024-04-17 15:22:18 : MaxTile_TileMatrix_18_chr18, Class = numeric

MaxTile_TileMatrix_18_chr18: length = 1
[1] 160527



2024-04-17 15:22:18 : MinCell_TileMatrix_18_chr18, Class = integer

MinCell_TileMatrix_18_chr18: length = 1
[1] 1



2024-04-17 15:22:18 : MaxCell_TileMatrix_18_chr18, Class = integer

MaxCell_TileMatrix_18_chr18: length = 1
[1] 487628


2024-04-17 15:22:22 : Adding TileMatrix to Sample_BCG_h4 for Chr (19 of 24)!, 2.26 mins elapsed.

2024-04-17 15:22:23 : NTiles_TileMatrix_19_chr19, Class = numeric

NTiles_TileMatrix_19_chr19: length = 1
 chr19 
117236 



2024-04-17 15:22:23 : NCells_TileMatrix_19_chr19, Class = integer

NCells_TileMatrix_19_chr19: length = 1
[1] 561570



2024-04-17 15:22:23 : MinTile_TileMatrix_19_chr19, Class = numeric

MinTile_TileMatrix_19_chr19: length = 1
[1] 123



2024-04-17 15:22:23 : MaxTile_TileMatrix_19_chr19, Class = numeric

MaxTile_TileMatrix_19_chr19: length = 1
[1] 117216



2024-04-17 15:22:23 : MinCell_TileMatrix_19_chr19, Class = integer

MinCell_TileMatrix_19_chr19: length = 1
[1] 1



2024-04-17 15:22:23 : MaxCell_TileMatrix_19_chr19, Class = integer

MaxCell_TileMatrix_19_chr19: length = 1
[1] 493293


2024-04-17 15:22:27 : Adding TileMatrix to Sample_BCG_h4 for Chr (20 of 24)!, 2.356 mins elapsed.

2024-04-17 15:22:28 : NTiles_TileMatrix_20_chr20, Class = numeric

NTiles_TileMatrix_20_chr20: length = 1
 chr20 
128889 



2024-04-17 15:22:28 : NCells_TileMatrix_20_chr20, Class = integer

NCells_TileMatrix_20_chr20: length = 1
[1] 561570



2024-04-17 15:22:28 : MinTile_TileMatrix_20_chr20, Class = numeric

MinTile_TileMatrix_20_chr20: length = 1
[1] 121



2024-04-17 15:22:28 : MaxTile_TileMatrix_20_chr20, Class = numeric

MaxTile_TileMatrix_20_chr20: length = 1
[1] 128669



2024-04-17 15:22:28 : MinCell_TileMatrix_20_chr20, Class = integer

MinCell_TileMatrix_20_chr20: length = 1
[1] 1



2024-04-17 15:22:28 : MaxCell_TileMatrix_20_chr20, Class = integer

MaxCell_TileMatrix_20_chr20: length = 1
[1] 506474


2024-04-17 15:22:32 : Adding TileMatrix to Sample_BCG_h4 for Chr (21 of 24)!, 2.435 mins elapsed.

2024-04-17 15:22:33 : NTiles_TileMatrix_21_chr21, Class = numeric

NTiles_TileMatrix_21_chr21: length = 1
chr21 
93420 



2024-04-17 15:22:33 : NCells_TileMatrix_21_chr21, Class = integer

NCells_TileMatrix_21_chr21: length = 1
[1] 561570



2024-04-17 15:22:33 : MinTile_TileMatrix_21_chr21, Class = numeric

MinTile_TileMatrix_21_chr21: length = 1
[1] 10062



2024-04-17 15:22:33 : MaxTile_TileMatrix_21_chr21, Class = numeric

MaxTile_TileMatrix_21_chr21: length = 1
[1] 93400



2024-04-17 15:22:33 : MinCell_TileMatrix_21_chr21, Class = integer

MinCell_TileMatrix_21_chr21: length = 1
[1] 1



2024-04-17 15:22:33 : MaxCell_TileMatrix_21_chr21, Class = integer

MaxCell_TileMatrix_21_chr21: length = 1
[1] 507948


2024-04-17 15:22:36 : Adding TileMatrix to Sample_BCG_h4 for Chr (22 of 24)!, 2.501 mins elapsed.

2024-04-17 15:22:37 : NTiles_TileMatrix_22_chr22, Class = numeric

NTiles_TileMatrix_22_chr22: length = 1
 chr22 
101637 



2024-04-17 15:22:37 : NCells_TileMatrix_22_chr22, Class = integer

NCells_TileMatrix_22_chr22: length = 1
[1] 561570



2024-04-17 15:22:37 : MinTile_TileMatrix_22_chr22, Class = numeric

MinTile_TileMatrix_22_chr22: length = 1
[1] 21033



2024-04-17 15:22:37 : MaxTile_TileMatrix_22_chr22, Class = numeric

MaxTile_TileMatrix_22_chr22: length = 1
[1] 101617



2024-04-17 15:22:37 : MinCell_TileMatrix_22_chr22, Class = integer

MinCell_TileMatrix_22_chr22: length = 1
[1] 1



2024-04-17 15:22:37 : MaxCell_TileMatrix_22_chr22, Class = integer

MaxCell_TileMatrix_22_chr22: length = 1
[1] 510263


2024-04-17 15:22:41 : Adding TileMatrix to Sample_BCG_h4 for Chr (23 of 24)!, 2.573 mins elapsed.

2024-04-17 15:22:41 : NTiles_TileMatrix_23_chrX, Class = numeric

NTiles_TileMatrix_23_chrX: length = 1
  chrX 
312082 



2024-04-17 15:22:41 : NCells_TileMatrix_23_chrX, Class = integer

NCells_TileMatrix_23_chrX: length = 1
[1] 561570



2024-04-17 15:22:41 : MinTile_TileMatrix_23_chrX, Class = numeric

MinTile_TileMatrix_23_chrX: length = 1
[1] 21



2024-04-17 15:22:41 : MaxTile_TileMatrix_23_chrX, Class = numeric

MaxTile_TileMatrix_23_chrX: length = 1
[1] 312062



2024-04-17 15:22:41 : MinCell_TileMatrix_23_chrX, Class = integer

MinCell_TileMatrix_23_chrX: length = 1
[1] 1



2024-04-17 15:22:41 : MaxCell_TileMatrix_23_chrX, Class = integer

MaxCell_TileMatrix_23_chrX: length = 1
[1] 561469


2024-04-17 15:22:46 : Adding TileMatrix to Sample_BCG_h4 for Chr (24 of 24)!, 2.665 mins elapsed.

2024-04-17 15:22:46 : NTiles_TileMatrix_24_chrY, Class = numeric

NTiles_TileMatrix_24_chrY: length = 1
  chrY 
114455 



2024-04-17 15:22:46 : NCells_TileMatrix_24_chrY, Class = integer

NCells_TileMatrix_24_chrY: length = 1
[1] 561570



2024-04-17 15:22:46 : MinTile_TileMatrix_24_chrY, Class = numeric

MinTile_TileMatrix_24_chrY: length = 1
[1] 5563



2024-04-17 15:22:46 : MaxTile_TileMatrix_24_chrY, Class = numeric

MaxTile_TileMatrix_24_chrY: length = 1
[1] 113776



2024-04-17 15:22:46 : MinCell_TileMatrix_24_chrY, Class = integer

MinCell_TileMatrix_24_chrY: length = 1
[1] 1



2024-04-17 15:22:46 : MaxCell_TileMatrix_24_chrY, Class = integer

MaxCell_TileMatrix_24_chrY: length = 1
[1] 561570


2024-04-17 15:22:50 : (Sample_BCG_h4 : 1 of 1) Finished Adding TileMatrix!, 20.522 mins elapsed.
2024-04-17 15:22:50 : (Sample_BCG_h4 : 1 of 1) Finished Creating Arrow File, 20.522 mins elapsed.

------- Completed

End Time : 2024-04-17 15:22:50
Elapsed Time Minutes = 20.5256399035454
Elapsed Time Hours = 0.342094039784537

-------



