Loading required package: ggplot2
Loading required package: SummarizedExperiment
Loading required package: MatrixGenerics
Loading required package: matrixStats

Attaching package: ‘MatrixGenerics’

The following objects are masked from ‘package:matrixStats’:

    colAlls, colAnyNAs, colAnys, colAvgsPerRowSet, colCollapse,
    colCounts, colCummaxs, colCummins, colCumprods, colCumsums,
    colDiffs, colIQRDiffs, colIQRs, colLogSumExps, colMadDiffs,
    colMads, colMaxs, colMeans2, colMedians, colMins, colOrderStats,
    colProds, colQuantiles, colRanges, colRanks, colSdDiffs, colSds,
    colSums2, colTabulates, colVarDiffs, colVars, colWeightedMads,
    colWeightedMeans, colWeightedMedians, colWeightedSds,
    colWeightedVars, rowAlls, rowAnyNAs, rowAnys, rowAvgsPerColSet,
    rowCollapse, rowCounts, rowCummaxs, rowCummins, rowCumprods,
    rowCumsums, rowDiffs, rowIQRDiffs, rowIQRs, rowLogSumExps,
    rowMadDiffs, rowMads, rowMaxs, rowMeans2, rowMedians, rowMins,
    rowOrderStats, rowProds, rowQuantiles, rowRanges, rowRanks,
    rowSdDiffs, rowSds, rowSums2, rowTabulates, rowVarDiffs, rowVars,
    rowWeightedMads, rowWeightedMeans, rowWeightedMedians,
    rowWeightedSds, rowWeightedVars

Loading required package: GenomicRanges
Loading required package: stats4
Loading required package: BiocGenerics

Attaching package: ‘BiocGenerics’

The following objects are masked from ‘package:stats’:

    IQR, mad, sd, var, xtabs

The following objects are masked from ‘package:base’:

    anyDuplicated, aperm, append, as.data.frame, basename, cbind,
    colnames, dirname, do.call, duplicated, eval, evalq, Filter, Find,
    get, grep, grepl, intersect, is.unsorted, lapply, Map, mapply,
    match, mget, order, paste, pmax, pmax.int, pmin, pmin.int,
    Position, rank, rbind, Reduce, rownames, sapply, setdiff, sort,
    table, tapply, union, unique, unsplit, which.max, which.min

Loading required package: S4Vectors

Attaching package: ‘S4Vectors’

The following objects are masked from ‘package:base’:

    expand.grid, I, unname

Loading required package: IRanges
Loading required package: GenomeInfoDb
Loading required package: Biobase
Welcome to Bioconductor

    Vignettes contain introductory material; view with
    'browseVignettes()'. To cite Bioconductor, see
    'citation("Biobase")', and for packages 'citation("pkgname")'.


Attaching package: ‘Biobase’

The following object is masked from ‘package:MatrixGenerics’:

    rowMedians

The following objects are masked from ‘package:matrixStats’:

    anyMissing, rowMedians

Loading required package: data.table

Attaching package: ‘data.table’

The following object is masked from ‘package:SummarizedExperiment’:

    shift

The following object is masked from ‘package:GenomicRanges’:

    shift

The following object is masked from ‘package:IRanges’:

    shift

The following objects are masked from ‘package:S4Vectors’:

    first, second

Loading required package: Matrix

Attaching package: ‘Matrix’

The following object is masked from ‘package:S4Vectors’:

    expand

Loading required package: rhdf5
Loading required package: magrittr

Attaching package: ‘magrittr’

The following object is masked from ‘package:GenomicRanges’:

    subtract

Setting default number of Parallel threads to 25.
Setting default genome to Hg38.
Using GeneAnnotation set by addArchRGenome(Hg38)!
Using GeneAnnotation set by addArchRGenome(Hg38)!
ArchR logging to : ArchRLogs/ArchR-createArrows-1626f1e2d1a17-Date-2024-04-18_Time-14-09-52.log
If there is an issue, please report to github with logFile!
2024-04-18 14:09:52 : Batch Execution w/ safelapply!, 0 mins elapsed.
2024-04-18 14:09:52 : (Sample_BCG_h1 : 1 of 1) Reading In Fragments from inputFiles (readMethod = tabix), 0.001 mins elapsed.
2024-04-18 14:09:52 : (Sample_BCG_h1 : 1 of 1) Tabix Bed To Temporary File, 0.001 mins elapsed.
2024-04-18 14:11:06 : (Sample_BCG_h1 : 1 of 1) Reading TabixFile 42 Percent, 1.238 mins elapsed.
2024-04-18 14:12:05 : (Sample_BCG_h1 : 1 of 1) Reading TabixFile 85 Percent, 2.217 mins elapsed.
2024-04-18 14:12:30 : (Sample_BCG_h1 : 1 of 1) Successful creation of Temporary File, 2.627 mins elapsed.
2024-04-18 14:12:30 : (Sample_BCG_h1 : 1 of 1) Creating ArrowFile From Temporary File, 2.627 mins elapsed.
2024-04-18 14:14:01 : (Sample_BCG_h1 : 1 of 1) Successful creation of Arrow File, 4.148 mins elapsed.
2024-04-18 14:16:04 : (Sample_BCG_h1 : 1 of 1) CellStats : Number of Cells Pass Filter = 576959 , 6.195 mins elapsed.
2024-04-18 14:16:04 : (Sample_BCG_h1 : 1 of 1) CellStats : Median Frags = 3 , 6.195 mins elapsed.
2024-04-18 14:16:04 : (Sample_BCG_h1 : 1 of 1) CellStats : Median TSS Enrichment = 0 , 6.196 mins elapsed.
2024-04-18 14:16:37 : (Sample_BCG_h1 : 1 of 1) Adding Additional Feature Counts!, 6.75 mins elapsed.
2024-04-18 14:17:04 : (Sample_BCG_h1 : 1 of 1) Removing Fragments from Filtered Cells, 7.203 mins elapsed.
2024-04-18 14:17:04 : (Sample_BCG_h1 : 1 of 1) Creating Filtered Arrow File, 7.204 mins elapsed.
2024-04-18 14:19:22 : (Sample_BCG_h1 : 1 of 1) Finished Constructing Filtered Arrow File!, 9.497 mins elapsed.
2024-04-18 14:19:24 : (Sample_BCG_h1 : 1 of 1) Adding TileMatrix!, 9.543 mins elapsed.
