Loading required package: ggplot2
Loading required package: SummarizedExperiment
Loading required package: MatrixGenerics
Loading required package: matrixStats

Attaching package: ‘MatrixGenerics’

The following objects are masked from ‘package:matrixStats’:

    colAlls, colAnyNAs, colAnys, colAvgsPerRowSet, colCollapse,
    colCounts, colCummaxs, colCummins, colCumprods, colCumsums,
    colDiffs, colIQRDiffs, colIQRs, colLogSumExps, colMadDiffs,
    colMads, colMaxs, colMeans2, colMedians, colMins, colOrderStats,
    colProds, colQuantiles, colRanges, colRanks, colSdDiffs, colSds,
    colSums2, colTabulates, colVarDiffs, colVars, colWeightedMads,
    colWeightedMeans, colWeightedMedians, colWeightedSds,
    colWeightedVars, rowAlls, rowAnyNAs, rowAnys, rowAvgsPerColSet,
    rowCollapse, rowCounts, rowCummaxs, rowCummins, rowCumprods,
    rowCumsums, rowDiffs, rowIQRDiffs, rowIQRs, rowLogSumExps,
    rowMadDiffs, rowMads, rowMaxs, rowMeans2, rowMedians, rowMins,
    rowOrderStats, rowProds, rowQuantiles, rowRanges, rowRanks,
    rowSdDiffs, rowSds, rowSums2, rowTabulates, rowVarDiffs, rowVars,
    rowWeightedMads, rowWeightedMeans, rowWeightedMedians,
    rowWeightedSds, rowWeightedVars

Loading required package: GenomicRanges
Loading required package: stats4
Loading required package: BiocGenerics

Attaching package: ‘BiocGenerics’

The following objects are masked from ‘package:stats’:

    IQR, mad, sd, var, xtabs

The following objects are masked from ‘package:base’:

    anyDuplicated, aperm, append, as.data.frame, basename, cbind,
    colnames, dirname, do.call, duplicated, eval, evalq, Filter, Find,
    get, grep, grepl, intersect, is.unsorted, lapply, Map, mapply,
    match, mget, order, paste, pmax, pmax.int, pmin, pmin.int,
    Position, rank, rbind, Reduce, rownames, sapply, setdiff, sort,
    table, tapply, union, unique, unsplit, which.max, which.min

Loading required package: S4Vectors

Attaching package: ‘S4Vectors’

The following objects are masked from ‘package:base’:

    expand.grid, I, unname

Loading required package: IRanges
Loading required package: GenomeInfoDb
Loading required package: Biobase
Welcome to Bioconductor

    Vignettes contain introductory material; view with
    'browseVignettes()'. To cite Bioconductor, see
    'citation("Biobase")', and for packages 'citation("pkgname")'.


Attaching package: ‘Biobase’

The following object is masked from ‘package:MatrixGenerics’:

    rowMedians

The following objects are masked from ‘package:matrixStats’:

    anyMissing, rowMedians

Loading required package: data.table

Attaching package: ‘data.table’

The following object is masked from ‘package:SummarizedExperiment’:

    shift

The following object is masked from ‘package:GenomicRanges’:

    shift

The following object is masked from ‘package:IRanges’:

    shift

The following objects are masked from ‘package:S4Vectors’:

    first, second

Loading required package: Matrix

Attaching package: ‘Matrix’

The following object is masked from ‘package:S4Vectors’:

    expand

Loading required package: rhdf5
Loading required package: magrittr

Attaching package: ‘magrittr’

The following object is masked from ‘package:GenomicRanges’:

    subtract

Setting default number of Parallel threads to 25.
Setting default genome to Hg38.
Using GeneAnnotation set by addArchRGenome(Hg38)!
Using GeneAnnotation set by addArchRGenome(Hg38)!
ArchR logging to : ArchRLogs/ArchR-createArrows-1626f1e2d1a17-Date-2024-04-18_Time-14-09-52.log
If there is an issue, please report to github with logFile!
2024-04-18 14:09:52 : Batch Execution w/ safelapply!, 0 mins elapsed.
2024-04-18 14:09:52 : (Sample_BCG_h1 : 1 of 1) Reading In Fragments from inputFiles (readMethod = tabix), 0.001 mins elapsed.
2024-04-18 14:09:52 : (Sample_BCG_h1 : 1 of 1) Tabix Bed To Temporary File, 0.001 mins elapsed.
2024-04-18 14:11:06 : (Sample_BCG_h1 : 1 of 1) Reading TabixFile 42 Percent, 1.238 mins elapsed.
2024-04-18 14:12:05 : (Sample_BCG_h1 : 1 of 1) Reading TabixFile 85 Percent, 2.217 mins elapsed.
2024-04-18 14:12:30 : (Sample_BCG_h1 : 1 of 1) Successful creation of Temporary File, 2.627 mins elapsed.
2024-04-18 14:12:30 : (Sample_BCG_h1 : 1 of 1) Creating ArrowFile From Temporary File, 2.627 mins elapsed.
2024-04-18 14:14:01 : (Sample_BCG_h1 : 1 of 1) Successful creation of Arrow File, 4.148 mins elapsed.
2024-04-18 14:16:04 : (Sample_BCG_h1 : 1 of 1) CellStats : Number of Cells Pass Filter = 576959 , 6.195 mins elapsed.
2024-04-18 14:16:04 : (Sample_BCG_h1 : 1 of 1) CellStats : Median Frags = 3 , 6.195 mins elapsed.
2024-04-18 14:16:04 : (Sample_BCG_h1 : 1 of 1) CellStats : Median TSS Enrichment = 0 , 6.196 mins elapsed.
2024-04-18 14:16:37 : (Sample_BCG_h1 : 1 of 1) Adding Additional Feature Counts!, 6.75 mins elapsed.
2024-04-18 14:17:04 : (Sample_BCG_h1 : 1 of 1) Removing Fragments from Filtered Cells, 7.203 mins elapsed.
2024-04-18 14:17:04 : (Sample_BCG_h1 : 1 of 1) Creating Filtered Arrow File, 7.204 mins elapsed.
2024-04-18 14:19:22 : (Sample_BCG_h1 : 1 of 1) Finished Constructing Filtered Arrow File!, 9.497 mins elapsed.
2024-04-18 14:19:24 : (Sample_BCG_h1 : 1 of 1) Adding TileMatrix!, 9.543 mins elapsed.
2024-04-18 14:24:41 : (Sample_BCG_h1 : 1 of 1) Finished Creating Arrow File, 14.818 mins elapsed.
ArchR logging successful to : ArchRLogs/ArchR-createArrows-1626f1e2d1a17-Date-2024-04-18_Time-14-09-52.log
Setting default number of Parallel threads to 1.
Using GeneAnnotation set by addArchRGenome(Hg38)!
Using GeneAnnotation set by addArchRGenome(Hg38)!
Validating Arrows...
Getting SampleNames...
1 
Getting Cell Metadata...
1 
Merging Cell Metadata...
Initializing ArchRProject...

                                                   / |
                                                 /    \
            .                                  /      |.
            \\\                              /        |.
              \\\                          /           `|.
                \\\                      /              |.
                  \                    /                |\
                  \\#####\           /                  ||
                ==###########>      /                   ||
                 \\##==......\    /                     ||
            ______ =       =|__ /__                     ||      \\\
        ,--' ,----`-,__ ___/'  --,-`-===================##========>
       \               '        ##_______ _____ ,--,__,=##,__   ///
        ,    __==    ___,-,__,--'#'  ==='      `-'    | ##,-/
        -,____,---'       \\####\\________________,--\\_##,/
           ___      .______        ______  __    __  .______      
          /   \     |   _  \      /      ||  |  |  | |   _  \     
         /  ^  \    |  |_)  |    |  ,----'|  |__|  | |  |_)  |    
        /  /_\  \   |      /     |  |     |   __   | |      /     
       /  _____  \  |  |\  \\___ |  `----.|  |  |  | |  |\  \\___.
      /__/     \__\ | _| `._____| \______||__|  |__| | _| `._____|
    
Copying Arrow Files...
Copying Arrow Files (1 of 1)
Saving ArchRProject...
Loading ArchRProject...
Successfully loaded ArchRProject!

                                                   / |
                                                 /    \
            .                                  /      |.
            \\\                              /        |.
              \\\                          /           `|.
                \\\                      /              |.
                  \                    /                |\
                  \\#####\           /                  ||
                ==###########>      /                   ||
                 \\##==......\    /                     ||
            ______ =       =|__ /__                     ||      \\\
        ,--' ,----`-,__ ___/'  --,-`-===================##========>
       \               '        ##_______ _____ ,--,__,=##,__   ///
        ,    __==    ___,-,__,--'#'  ==='      `-'    | ##,-/
        -,____,---'       \\####\\________________,--\\_##,/
           ___      .______        ______  __    __  .______      
          /   \     |   _  \      /      ||  |  |  | |   _  \     
         /  ^  \    |  |_)  |    |  ,----'|  |__|  | |  |_)  |    
        /  /_\  \   |      /     |  |     |   __   | |      /     
       /  _____  \  |  |\  \\___ |  `----.|  |  |  | |  |\  \\___.
      /__/     \__\ | _| `._____| \______||__|  |__| | _| `._____|
    
Copying ArchRProject to new outputDirectory : /lilac/data/peer/lpaddock/repos/multiome_QC_preprocessing/results/Sample_BCG_h1/ArchR/cr_filt
Copying Arrow Files...
Getting ImputeWeights
No imputeWeights found, returning NULL
Copying Other Files...
Copying Other Files (1 of 1): export
Saving ArchRProject...
Loading ArchRProject...
Successfully loaded ArchRProject!

                                                   / |
                                                 /    \
            .                                  /      |.
            \\\                              /        |.
              \\\                          /           `|.
                \\\                      /              |.
                  \                    /                |\
                  \\#####\           /                  ||
                ==###########>      /                   ||
                 \\##==......\    /                     ||
            ______ =       =|__ /__                     ||      \\\
        ,--' ,----`-,__ ___/'  --,-`-===================##========>
       \               '        ##_______ _____ ,--,__,=##,__   ///
        ,    __==    ___,-,__,--'#'  ==='      `-'    | ##,-/
        -,____,---'       \\####\\________________,--\\_##,/
           ___      .______        ______  __    __  .______      
          /   \     |   _  \      /      ||  |  |  | |   _  \     
         /  ^  \    |  |_)  |    |  ,----'|  |__|  | |  |_)  |    
        /  /_\  \   |      /     |  |     |   __   | |      /     
       /  _____  \  |  |\  \\___ |  `----.|  |  |  | |  |\  \\___.
      /__/     \__\ | _| `._____| \______||__|  |__| | _| `._____|
    
Checking Inputs...
ArchR logging to : ArchRLogs/ArchR-addIterativeLSI-1626f188f2d32-Date-2024-04-18_Time-14-27-40.log
If there is an issue, please report to github with logFile!
2024-04-18 14:27:40 : Computing Total Across All Features, 0 mins elapsed.
2024-04-18 14:27:41 : Computing Top Features, 0.022 mins elapsed.
###########
2024-04-18 14:27:43 : Running LSI (1 of 2) on Top Features, 0.055 mins elapsed.
###########
2024-04-18 14:27:43 : Sampling Cells (N = 10000) for Estimated LSI, 0.057 mins elapsed.
2024-04-18 14:27:43 : Creating Sampled Partial Matrix, 0.057 mins elapsed.
2024-04-18 14:27:52 : Computing Estimated LSI (projectAll = FALSE), 0.206 mins elapsed.
2024-04-18 14:28:30 : Identifying Clusters, 0.844 mins elapsed.
2024-04-18 14:28:46 : Identified 6 Clusters, 1.111 mins elapsed.
2024-04-18 14:28:46 : Saving LSI Iteration, 1.111 mins elapsed.
2024-04-18 14:29:16 : Creating Cluster Matrix on the total Group Features, 1.606 mins elapsed.
2024-04-18 14:29:46 : Computing Variable Features, 2.109 mins elapsed.
###########
2024-04-18 14:29:46 : Running LSI (2 of 2) on Variable Features, 2.111 mins elapsed.
###########
2024-04-18 14:29:47 : Creating Partial Matrix, 2.112 mins elapsed.
2024-04-18 14:30:04 : Computing LSI, 2.404 mins elapsed.
2024-04-18 14:31:16 : Finished Running IterativeLSI, 3.601 mins elapsed.
14:31:16 UMAP embedding parameters a = 0.7669 b = 1.223
14:31:16 Read 20000 rows and found 30 numeric columns
14:31:16 Using Annoy for neighbor search, n_neighbors = 40
14:31:16 Building Annoy index with metric = cosine, n_trees = 50
0%   10   20   30   40   50   60   70   80   90   100%
[----|----|----|----|----|----|----|----|----|----|
**************************************************|
14:31:18 Writing NN index file to temp file /tmp/RtmphtcYVX/file1626f648cac33
14:31:18 Searching Annoy index using 64 threads, search_k = 4000
14:31:18 Annoy recall = 100%
14:31:19 Commencing smooth kNN distance calibration using 64 threads with target n_neighbors = 40
14:31:20 Initializing from normalized Laplacian + noise (using irlba)
14:31:21 Commencing optimization for 200 epochs, with 1306518 positive edges
Using method 'umap'
0%   10   20   30   40   50   60   70   80   90   100%
[----|----|----|----|----|----|----|----|----|----|
**************************************************|
14:31:57 Optimization finished
14:31:57 Creating temp model dir /tmp/RtmphtcYVX/dir1626f7d00976
14:31:57 Creating dir /tmp/RtmphtcYVX/dir1626f7d00976
14:31:59 Changing to /tmp/RtmphtcYVX/dir1626f7d00976
14:31:59 Creating /lilac/data/peer/lpaddock/repos/multiome_QC_preprocessing/results/Sample_BCG_h1/ArchR/cr_filt/Embeddings/Save-Uwot-UMAP-Params-IterativeLSI-1626f4bbfe6ca-Date-2024-04-18_Time-14-31-57.tar
Saving ArchRProject...
Loading ArchRProject...
Successfully loaded ArchRProject!

                                                   / |
                                                 /    \
            .                                  /      |.
            \\\                              /        |.
              \\\                          /           `|.
                \\\                      /              |.
                  \                    /                |\
                  \\#####\           /                  ||
                ==###########>      /                   ||
                 \\##==......\    /                     ||
            ______ =       =|__ /__                     ||      \\\
        ,--' ,----`-,__ ___/'  --,-`-===================##========>
       \               '        ##_______ _____ ,--,__,=##,__   ///
        ,    __==    ___,-,__,--'#'  ==='      `-'    | ##,-/
        -,____,---'       \\####\\________________,--\\_##,/
           ___      .______        ______  __    __  .______      
          /   \     |   _  \      /      ||  |  |  | |   _  \     
         /  ^  \    |  |_)  |    |  ,----'|  |__|  | |  |_)  |    
        /  /_\  \   |      /     |  |     |   __   | |      /     
       /  _____  \  |  |\  \\___ |  `----.|  |  |  | |  |\  \\___.
      /__/     \__\ | _| `._____| \______||__|  |__| | _| `._____|
    
Using GeneAnnotation set by addArchRGenome(Hg38)!
Using GeneAnnotation set by addArchRGenome(Hg38)!
ArchR logging to : ArchRLogs/ArchR-createArrows-1626feb6be8b-Date-2024-04-18_Time-14-32-05.log
If there is an issue, please report to github with logFile!
2024-04-18 14:32:05 : Batch Execution w/ safelapply!, 0 mins elapsed.
2024-04-18 14:32:05 : (Sample_BCG_h2 : 1 of 1) Reading In Fragments from inputFiles (readMethod = tabix), 0 mins elapsed.
2024-04-18 14:32:05 : (Sample_BCG_h2 : 1 of 1) Tabix Bed To Temporary File, 0 mins elapsed.
2024-04-18 14:33:04 : (Sample_BCG_h2 : 1 of 1) Reading TabixFile 8 Percent, 0.994 mins elapsed.
2024-04-18 14:33:54 : (Sample_BCG_h2 : 1 of 1) Reading TabixFile 17 Percent, 1.811 mins elapsed.
2024-04-18 14:34:37 : (Sample_BCG_h2 : 1 of 1) Reading TabixFile 25 Percent, 2.542 mins elapsed.
2024-04-18 14:35:16 : (Sample_BCG_h2 : 1 of 1) Reading TabixFile 33 Percent, 3.191 mins elapsed.
2024-04-18 14:35:53 : (Sample_BCG_h2 : 1 of 1) Reading TabixFile 42 Percent, 3.797 mins elapsed.
2024-04-18 14:36:32 : (Sample_BCG_h2 : 1 of 1) Reading TabixFile 50 Percent, 4.457 mins elapsed.
2024-04-18 14:37:01 : (Sample_BCG_h2 : 1 of 1) Reading TabixFile 58 Percent, 4.928 mins elapsed.
2024-04-18 14:37:29 : (Sample_BCG_h2 : 1 of 1) Reading TabixFile 67 Percent, 5.41 mins elapsed.
2024-04-18 14:37:59 : (Sample_BCG_h2 : 1 of 1) Reading TabixFile 75 Percent, 5.902 mins elapsed.
2024-04-18 14:38:28 : (Sample_BCG_h2 : 1 of 1) Reading TabixFile 83 Percent, 6.39 mins elapsed.
2024-04-18 14:38:45 : (Sample_BCG_h2 : 1 of 1) Reading TabixFile 92 Percent, 6.668 mins elapsed.
2024-04-18 14:39:05 : (Sample_BCG_h2 : 1 of 1) Reading TabixFile 100 Percent, 6.998 mins elapsed.
2024-04-18 14:39:05 : (Sample_BCG_h2 : 1 of 1) Successful creation of Temporary File, 7.011 mins elapsed.
2024-04-18 14:39:05 : (Sample_BCG_h2 : 1 of 1) Creating ArrowFile From Temporary File, 7.011 mins elapsed.
2024-04-18 14:41:04 : (Sample_BCG_h2 : 1 of 1) Successful creation of Arrow File, 8.98 mins elapsed.
2024-04-18 14:43:38 : (Sample_BCG_h2 : 1 of 1) CellStats : Number of Cells Pass Filter = 491034 , 11.545 mins elapsed.
2024-04-18 14:43:38 : (Sample_BCG_h2 : 1 of 1) CellStats : Median Frags = 2 , 11.545 mins elapsed.
2024-04-18 14:43:38 : (Sample_BCG_h2 : 1 of 1) CellStats : Median TSS Enrichment = 0 , 11.545 mins elapsed.
2024-04-18 14:43:58 : (Sample_BCG_h2 : 1 of 1) Adding Additional Feature Counts!, 11.887 mins elapsed.
2024-04-18 14:45:50 : (Sample_BCG_h2 : 1 of 1) Removing Fragments from Filtered Cells, 13.749 mins elapsed.
2024-04-18 14:45:50 : (Sample_BCG_h2 : 1 of 1) Creating Filtered Arrow File, 13.749 mins elapsed.
2024-04-18 14:46:46 : (Sample_BCG_h2 : 1 of 1) Finished Constructing Filtered Arrow File!, 14.683 mins elapsed.
2024-04-18 14:46:48 : (Sample_BCG_h2 : 1 of 1) Adding TileMatrix!, 14.72 mins elapsed.
2024-04-18 14:49:15 : (Sample_BCG_h2 : 1 of 1) Finished Creating Arrow File, 17.169 mins elapsed.
ArchR logging successful to : ArchRLogs/ArchR-createArrows-1626feb6be8b-Date-2024-04-18_Time-14-32-05.log
Setting default number of Parallel threads to 1.
Using GeneAnnotation set by addArchRGenome(Hg38)!
Using GeneAnnotation set by addArchRGenome(Hg38)!
Validating Arrows...
Getting SampleNames...
1 
Getting Cell Metadata...
1 
Merging Cell Metadata...
Initializing ArchRProject...

                                                   / |
                                                 /    \
            .                                  /      |.
            \\\                              /        |.
              \\\                          /           `|.
                \\\                      /              |.
                  \                    /                |\
                  \\#####\           /                  ||
                ==###########>      /                   ||
                 \\##==......\    /                     ||
            ______ =       =|__ /__                     ||      \\\
        ,--' ,----`-,__ ___/'  --,-`-===================##========>
       \               '        ##_______ _____ ,--,__,=##,__   ///
        ,    __==    ___,-,__,--'#'  ==='      `-'    | ##,-/
        -,____,---'       \\####\\________________,--\\_##,/
           ___      .______        ______  __    __  .______      
          /   \     |   _  \      /      ||  |  |  | |   _  \     
         /  ^  \    |  |_)  |    |  ,----'|  |__|  | |  |_)  |    
        /  /_\  \   |      /     |  |     |   __   | |      /     
       /  _____  \  |  |\  \\___ |  `----.|  |  |  | |  |\  \\___.
      /__/     \__\ | _| `._____| \______||__|  |__| | _| `._____|
    
Copying Arrow Files...
Copying Arrow Files (1 of 1)
Saving ArchRProject...
Loading ArchRProject...
Successfully loaded ArchRProject!

                                                   / |
                                                 /    \
            .                                  /      |.
            \\\                              /        |.
              \\\                          /           `|.
                \\\                      /              |.
                  \                    /                |\
                  \\#####\           /                  ||
                ==###########>      /                   ||
                 \\##==......\    /                     ||
            ______ =       =|__ /__                     ||      \\\
        ,--' ,----`-,__ ___/'  --,-`-===================##========>
       \               '        ##_______ _____ ,--,__,=##,__   ///
        ,    __==    ___,-,__,--'#'  ==='      `-'    | ##,-/
        -,____,---'       \\####\\________________,--\\_##,/
           ___      .______        ______  __    __  .______      
          /   \     |   _  \      /      ||  |  |  | |   _  \     
         /  ^  \    |  |_)  |    |  ,----'|  |__|  | |  |_)  |    
        /  /_\  \   |      /     |  |     |   __   | |      /     
       /  _____  \  |  |\  \\___ |  `----.|  |  |  | |  |\  \\___.
      /__/     \__\ | _| `._____| \______||__|  |__| | _| `._____|
    
Copying ArchRProject to new outputDirectory : /lilac/data/peer/lpaddock/repos/multiome_QC_preprocessing/results/Sample_BCG_h2/ArchR/cr_filt
Copying Arrow Files...
Getting ImputeWeights
No imputeWeights found, returning NULL
Copying Other Files...
Copying Other Files (1 of 1): export
Saving ArchRProject...
Loading ArchRProject...
Successfully loaded ArchRProject!

                                                   / |
                                                 /    \
            .                                  /      |.
            \\\                              /        |.
              \\\                          /           `|.
                \\\                      /              |.
                  \                    /                |\
                  \\#####\           /                  ||
                ==###########>      /                   ||
                 \\##==......\    /                     ||
            ______ =       =|__ /__                     ||      \\\
        ,--' ,----`-,__ ___/'  --,-`-===================##========>
       \               '        ##_______ _____ ,--,__,=##,__   ///
        ,    __==    ___,-,__,--'#'  ==='      `-'    | ##,-/
        -,____,---'       \\####\\________________,--\\_##,/
           ___      .______        ______  __    __  .______      
          /   \     |   _  \      /      ||  |  |  | |   _  \     
         /  ^  \    |  |_)  |    |  ,----'|  |__|  | |  |_)  |    
        /  /_\  \   |      /     |  |     |   __   | |      /     
       /  _____  \  |  |\  \\___ |  `----.|  |  |  | |  |\  \\___.
      /__/     \__\ | _| `._____| \______||__|  |__| | _| `._____|
    
Checking Inputs...
ArchR logging to : ArchRLogs/ArchR-addIterativeLSI-1626f5cb7ec96-Date-2024-04-18_Time-14-50-54.log
If there is an issue, please report to github with logFile!
2024-04-18 14:50:54 : Computing Total Across All Features, 0 mins elapsed.
2024-04-18 14:50:55 : Computing Top Features, 0.015 mins elapsed.
###########
2024-04-18 14:50:56 : Running LSI (1 of 2) on Top Features, 0.04 mins elapsed.
###########
2024-04-18 14:50:56 : Creating Partial Matrix, 0.04 mins elapsed.
2024-04-18 14:51:10 : Computing LSI, 0.273 mins elapsed.
2024-04-18 14:52:07 : Identifying Clusters, 1.221 mins elapsed.
2024-04-18 14:52:17 : Identified 6 Clusters, 1.382 mins elapsed.
2024-04-18 14:52:17 : Saving LSI Iteration, 1.383 mins elapsed.
2024-04-18 14:52:42 : Creating Cluster Matrix on the total Group Features, 1.793 mins elapsed.
2024-04-18 14:53:16 : Computing Variable Features, 2.373 mins elapsed.
###########
2024-04-18 14:53:17 : Running LSI (2 of 2) on Variable Features, 2.376 mins elapsed.
###########
2024-04-18 14:53:17 : Creating Partial Matrix, 2.376 mins elapsed.
2024-04-18 14:53:29 : Computing LSI, 2.59 mins elapsed.
2024-04-18 14:54:10 : Finished Running IterativeLSI, 3.263 mins elapsed.
14:54:10 UMAP embedding parameters a = 0.7669 b = 1.223
14:54:10 Read 8184 rows and found 30 numeric columns
14:54:10 Using Annoy for neighbor search, n_neighbors = 40
14:54:10 Building Annoy index with metric = cosine, n_trees = 50
0%   10   20   30   40   50   60   70   80   90   100%
[----|----|----|----|----|----|----|----|----|----|
**************************************************|
14:54:11 Writing NN index file to temp file /tmp/RtmphtcYVX/file1626f60e19310
14:54:11 Searching Annoy index using 64 threads, search_k = 4000
14:54:11 Annoy recall = 100%
14:54:12 Commencing smooth kNN distance calibration using 64 threads with target n_neighbors = 40
14:54:12 Initializing from normalized Laplacian + noise (using irlba)
14:54:13 Commencing optimization for 500 epochs, with 492708 positive edges
Using method 'umap'
0%   10   20   30   40   50   60   70   80   90   100%
[----|----|----|----|----|----|----|----|----|----|
**************************************************|
14:54:50 Optimization finished
14:54:50 Creating temp model dir /tmp/RtmphtcYVX/dir1626f60d553d4
14:54:50 Creating dir /tmp/RtmphtcYVX/dir1626f60d553d4
14:54:51 Changing to /tmp/RtmphtcYVX/dir1626f60d553d4
14:54:51 Creating /lilac/data/peer/lpaddock/repos/multiome_QC_preprocessing/results/Sample_BCG_h2/ArchR/cr_filt/Embeddings/Save-Uwot-UMAP-Params-IterativeLSI-1626f6f3b5723-Date-2024-04-18_Time-14-54-50.tar
Saving ArchRProject...
Loading ArchRProject...
Successfully loaded ArchRProject!

                                                   / |
                                                 /    \
            .                                  /      |.
            \\\                              /        |.
              \\\                          /           `|.
                \\\                      /              |.
                  \                    /                |\
                  \\#####\           /                  ||
                ==###########>      /                   ||
                 \\##==......\    /                     ||
            ______ =       =|__ /__                     ||      \\\
        ,--' ,----`-,__ ___/'  --,-`-===================##========>
       \               '        ##_______ _____ ,--,__,=##,__   ///
        ,    __==    ___,-,__,--'#'  ==='      `-'    | ##,-/
        -,____,---'       \\####\\________________,--\\_##,/
           ___      .______        ______  __    __  .______      
          /   \     |   _  \      /      ||  |  |  | |   _  \     
         /  ^  \    |  |_)  |    |  ,----'|  |__|  | |  |_)  |    
        /  /_\  \   |      /     |  |     |   __   | |      /     
       /  _____  \  |  |\  \\___ |  `----.|  |  |  | |  |\  \\___.
      /__/     \__\ | _| `._____| \______||__|  |__| | _| `._____|
    
There were 14 warnings (use warnings() to see them)
