Loading required package: ggplot2
Loading required package: SummarizedExperiment
Loading required package: MatrixGenerics
Loading required package: matrixStats

Attaching package: ‘MatrixGenerics’

The following objects are masked from ‘package:matrixStats’:

    colAlls, colAnyNAs, colAnys, colAvgsPerRowSet, colCollapse,
    colCounts, colCummaxs, colCummins, colCumprods, colCumsums,
    colDiffs, colIQRDiffs, colIQRs, colLogSumExps, colMadDiffs,
    colMads, colMaxs, colMeans2, colMedians, colMins, colOrderStats,
    colProds, colQuantiles, colRanges, colRanks, colSdDiffs, colSds,
    colSums2, colTabulates, colVarDiffs, colVars, colWeightedMads,
    colWeightedMeans, colWeightedMedians, colWeightedSds,
    colWeightedVars, rowAlls, rowAnyNAs, rowAnys, rowAvgsPerColSet,
    rowCollapse, rowCounts, rowCummaxs, rowCummins, rowCumprods,
    rowCumsums, rowDiffs, rowIQRDiffs, rowIQRs, rowLogSumExps,
    rowMadDiffs, rowMads, rowMaxs, rowMeans2, rowMedians, rowMins,
    rowOrderStats, rowProds, rowQuantiles, rowRanges, rowRanks,
    rowSdDiffs, rowSds, rowSums2, rowTabulates, rowVarDiffs, rowVars,
    rowWeightedMads, rowWeightedMeans, rowWeightedMedians,
    rowWeightedSds, rowWeightedVars

Loading required package: GenomicRanges
Loading required package: stats4
Loading required package: BiocGenerics

Attaching package: ‘BiocGenerics’

The following objects are masked from ‘package:stats’:

    IQR, mad, sd, var, xtabs

The following objects are masked from ‘package:base’:

    anyDuplicated, aperm, append, as.data.frame, basename, cbind,
    colnames, dirname, do.call, duplicated, eval, evalq, Filter, Find,
    get, grep, grepl, intersect, is.unsorted, lapply, Map, mapply,
    match, mget, order, paste, pmax, pmax.int, pmin, pmin.int,
    Position, rank, rbind, Reduce, rownames, sapply, setdiff, sort,
    table, tapply, union, unique, unsplit, which.max, which.min

Loading required package: S4Vectors

Attaching package: ‘S4Vectors’

The following objects are masked from ‘package:base’:

    expand.grid, I, unname

Loading required package: IRanges
Loading required package: GenomeInfoDb
Loading required package: Biobase
Welcome to Bioconductor

    Vignettes contain introductory material; view with
    'browseVignettes()'. To cite Bioconductor, see
    'citation("Biobase")', and for packages 'citation("pkgname")'.


Attaching package: ‘Biobase’

The following object is masked from ‘package:MatrixGenerics’:

    rowMedians

The following objects are masked from ‘package:matrixStats’:

    anyMissing, rowMedians

Loading required package: data.table

Attaching package: ‘data.table’

The following object is masked from ‘package:SummarizedExperiment’:

    shift

The following object is masked from ‘package:GenomicRanges’:

    shift

The following object is masked from ‘package:IRanges’:

    shift

The following objects are masked from ‘package:S4Vectors’:

    first, second

Loading required package: Matrix

Attaching package: ‘Matrix’

The following object is masked from ‘package:S4Vectors’:

    expand

Loading required package: rhdf5
Loading required package: magrittr

Attaching package: ‘magrittr’

The following object is masked from ‘package:GenomicRanges’:

    subtract

Setting default number of Parallel threads to 25.
Setting default genome to Hg38.
Using GeneAnnotation set by addArchRGenome(Hg38)!
Using GeneAnnotation set by addArchRGenome(Hg38)!
ArchR logging to : ArchRLogs/ArchR-createArrows-f6cd7a88266d-Date-2024-04-18_Time-12-30-40.log
If there is an issue, please report to github with logFile!
2024-04-18 12:30:40 : Batch Execution w/ safelapply!, 0 mins elapsed.
2024-04-18 12:30:40 : (Sample_BCG_h1 : 1 of 1) Reading In Fragments from inputFiles (readMethod = tabix), 0 mins elapsed.
2024-04-18 12:30:40 : (Sample_BCG_h1 : 1 of 1) Tabix Bed To Temporary File, 0 mins elapsed.
2024-04-18 12:31:27 : (Sample_BCG_h1 : 1 of 1) Reading TabixFile 42 Percent, 0.77 mins elapsed.
2024-04-18 12:32:05 : (Sample_BCG_h1 : 1 of 1) Reading TabixFile 85 Percent, 1.409 mins elapsed.
2024-04-18 12:32:21 : (Sample_BCG_h1 : 1 of 1) Successful creation of Temporary File, 1.674 mins elapsed.
2024-04-18 12:32:21 : (Sample_BCG_h1 : 1 of 1) Creating ArrowFile From Temporary File, 1.674 mins elapsed.
2024-04-18 12:33:24 : (Sample_BCG_h1 : 1 of 1) Successful creation of Arrow File, 2.735 mins elapsed.
2024-04-18 12:37:08 : (Sample_BCG_h1 : 1 of 1) CellStats : Number of Cells Pass Filter = 576959 , 6.464 mins elapsed.
2024-04-18 12:37:08 : (Sample_BCG_h1 : 1 of 1) CellStats : Median Frags = 3 , 6.466 mins elapsed.
2024-04-18 12:37:08 : (Sample_BCG_h1 : 1 of 1) CellStats : Median TSS Enrichment = 0 , 6.466 mins elapsed.
2024-04-18 12:37:38 : (Sample_BCG_h1 : 1 of 1) Adding Additional Feature Counts!, 6.959 mins elapsed.
2024-04-18 12:38:13 : (Sample_BCG_h1 : 1 of 1) Removing Fragments from Filtered Cells, 7.548 mins elapsed.
2024-04-18 12:38:13 : (Sample_BCG_h1 : 1 of 1) Creating Filtered Arrow File, 7.549 mins elapsed.
2024-04-18 12:41:23 : (Sample_BCG_h1 : 1 of 1) Finished Constructing Filtered Arrow File!, 10.715 mins elapsed.
2024-04-18 12:41:26 : (Sample_BCG_h1 : 1 of 1) Adding TileMatrix!, 10.762 mins elapsed.
2024-04-18 12:45:08 : (Sample_BCG_h1 : 1 of 1) Finished Creating Arrow File, 14.459 mins elapsed.
ArchR logging successful to : ArchRLogs/ArchR-createArrows-f6cd7a88266d-Date-2024-04-18_Time-12-30-40.log
Setting default number of Parallel threads to 1.
Using GeneAnnotation set by addArchRGenome(Hg38)!
Using GeneAnnotation set by addArchRGenome(Hg38)!
Validating Arrows...
Getting SampleNames...
1 
Getting Cell Metadata...
1 
Merging Cell Metadata...
Initializing ArchRProject...

                                                   / |
                                                 /    \
            .                                  /      |.
            \\\                              /        |.
              \\\                          /           `|.
                \\\                      /              |.
                  \                    /                |\
                  \\#####\           /                  ||
                ==###########>      /                   ||
                 \\##==......\    /                     ||
            ______ =       =|__ /__                     ||      \\\
        ,--' ,----`-,__ ___/'  --,-`-===================##========>
       \               '        ##_______ _____ ,--,__,=##,__   ///
        ,    __==    ___,-,__,--'#'  ==='      `-'    | ##,-/
        -,____,---'       \\####\\________________,--\\_##,/
           ___      .______        ______  __    __  .______      
          /   \     |   _  \      /      ||  |  |  | |   _  \     
         /  ^  \    |  |_)  |    |  ,----'|  |__|  | |  |_)  |    
        /  /_\  \   |      /     |  |     |   __   | |      /     
       /  _____  \  |  |\  \\___ |  `----.|  |  |  | |  |\  \\___.
      /__/     \__\ | _| `._____| \______||__|  |__| | _| `._____|
    
Copying Arrow Files...
Copying Arrow Files (1 of 1)
Saving ArchRProject...
Loading ArchRProject...
Successfully loaded ArchRProject!

                                                   / |
                                                 /    \
            .                                  /      |.
            \\\                              /        |.
              \\\                          /           `|.
                \\\                      /              |.
                  \                    /                |\
                  \\#####\           /                  ||
                ==###########>      /                   ||
                 \\##==......\    /                     ||
            ______ =       =|__ /__                     ||      \\\
        ,--' ,----`-,__ ___/'  --,-`-===================##========>
       \               '        ##_______ _____ ,--,__,=##,__   ///
        ,    __==    ___,-,__,--'#'  ==='      `-'    | ##,-/
        -,____,---'       \\####\\________________,--\\_##,/
           ___      .______        ______  __    __  .______      
          /   \     |   _  \      /      ||  |  |  | |   _  \     
         /  ^  \    |  |_)  |    |  ,----'|  |__|  | |  |_)  |    
        /  /_\  \   |      /     |  |     |   __   | |      /     
       /  _____  \  |  |\  \\___ |  `----.|  |  |  | |  |\  \\___.
      /__/     \__\ | _| `._____| \______||__|  |__| | _| `._____|
    
Error in subsetCells(ArchRProj = proj, cellNames = cr_barcodes$barcode,  : 
  unused argument (outputDirectory = proj_name)
Execution halted
