Loading required package: ggplot2
Loading required package: SummarizedExperiment
Loading required package: MatrixGenerics
Loading required package: matrixStats

Attaching package: ‘MatrixGenerics’

The following objects are masked from ‘package:matrixStats’:

    colAlls, colAnyNAs, colAnys, colAvgsPerRowSet, colCollapse,
    colCounts, colCummaxs, colCummins, colCumprods, colCumsums,
    colDiffs, colIQRDiffs, colIQRs, colLogSumExps, colMadDiffs,
    colMads, colMaxs, colMeans2, colMedians, colMins, colOrderStats,
    colProds, colQuantiles, colRanges, colRanks, colSdDiffs, colSds,
    colSums2, colTabulates, colVarDiffs, colVars, colWeightedMads,
    colWeightedMeans, colWeightedMedians, colWeightedSds,
    colWeightedVars, rowAlls, rowAnyNAs, rowAnys, rowAvgsPerColSet,
    rowCollapse, rowCounts, rowCummaxs, rowCummins, rowCumprods,
    rowCumsums, rowDiffs, rowIQRDiffs, rowIQRs, rowLogSumExps,
    rowMadDiffs, rowMads, rowMaxs, rowMeans2, rowMedians, rowMins,
    rowOrderStats, rowProds, rowQuantiles, rowRanges, rowRanks,
    rowSdDiffs, rowSds, rowSums2, rowTabulates, rowVarDiffs, rowVars,
    rowWeightedMads, rowWeightedMeans, rowWeightedMedians,
    rowWeightedSds, rowWeightedVars

Loading required package: GenomicRanges
Loading required package: stats4
Loading required package: BiocGenerics

Attaching package: ‘BiocGenerics’

The following objects are masked from ‘package:stats’:

    IQR, mad, sd, var, xtabs

The following objects are masked from ‘package:base’:

    anyDuplicated, aperm, append, as.data.frame, basename, cbind,
    colnames, dirname, do.call, duplicated, eval, evalq, Filter, Find,
    get, grep, grepl, intersect, is.unsorted, lapply, Map, mapply,
    match, mget, order, paste, pmax, pmax.int, pmin, pmin.int,
    Position, rank, rbind, Reduce, rownames, sapply, setdiff, sort,
    table, tapply, union, unique, unsplit, which.max, which.min

Loading required package: S4Vectors

Attaching package: ‘S4Vectors’

The following objects are masked from ‘package:base’:

    expand.grid, I, unname

Loading required package: IRanges
Loading required package: GenomeInfoDb
Loading required package: Biobase
Welcome to Bioconductor

    Vignettes contain introductory material; view with
    'browseVignettes()'. To cite Bioconductor, see
    'citation("Biobase")', and for packages 'citation("pkgname")'.


Attaching package: ‘Biobase’

The following object is masked from ‘package:MatrixGenerics’:

    rowMedians

The following objects are masked from ‘package:matrixStats’:

    anyMissing, rowMedians

Loading required package: data.table

Attaching package: ‘data.table’

The following object is masked from ‘package:SummarizedExperiment’:

    shift

The following object is masked from ‘package:GenomicRanges’:

    shift

The following object is masked from ‘package:IRanges’:

    shift

The following objects are masked from ‘package:S4Vectors’:

    first, second

Loading required package: Matrix

Attaching package: ‘Matrix’

The following object is masked from ‘package:S4Vectors’:

    expand

Loading required package: rhdf5
Loading required package: magrittr

Attaching package: ‘magrittr’

The following object is masked from ‘package:GenomicRanges’:

    subtract

Setting default number of Parallel threads to 25.
Setting default genome to Hg38.
Using GeneAnnotation set by addArchRGenome(Hg38)!
Using GeneAnnotation set by addArchRGenome(Hg38)!
ArchR logging to : ArchRLogs/ArchR-createArrows-131c36a95794c-Date-2024-04-18_Time-13-25-02.log
If there is an issue, please report to github with logFile!
2024-04-18 13:25:02 : Batch Execution w/ safelapply!, 0 mins elapsed.
2024-04-18 13:25:02 : (Sample_BCG_h1 : 1 of 1) Reading In Fragments from inputFiles (readMethod = tabix), 0 mins elapsed.
2024-04-18 13:25:02 : (Sample_BCG_h1 : 1 of 1) Tabix Bed To Temporary File, 0.001 mins elapsed.
2024-04-18 13:25:50 : (Sample_BCG_h1 : 1 of 1) Reading TabixFile 42 Percent, 0.804 mins elapsed.
2024-04-18 13:26:29 : (Sample_BCG_h1 : 1 of 1) Reading TabixFile 85 Percent, 1.456 mins elapsed.
2024-04-18 13:27:00 : (Sample_BCG_h1 : 1 of 1) Successful creation of Temporary File, 1.975 mins elapsed.
2024-04-18 13:27:00 : (Sample_BCG_h1 : 1 of 1) Creating ArrowFile From Temporary File, 1.975 mins elapsed.
2024-04-18 13:28:18 : (Sample_BCG_h1 : 1 of 1) Successful creation of Arrow File, 3.274 mins elapsed.
2024-04-18 13:29:45 : (Sample_BCG_h1 : 1 of 1) CellStats : Number of Cells Pass Filter = 576959 , 4.721 mins elapsed.
2024-04-18 13:29:45 : (Sample_BCG_h1 : 1 of 1) CellStats : Median Frags = 3 , 4.721 mins elapsed.
2024-04-18 13:29:45 : (Sample_BCG_h1 : 1 of 1) CellStats : Median TSS Enrichment = 0 , 4.721 mins elapsed.
2024-04-18 13:30:11 : (Sample_BCG_h1 : 1 of 1) Adding Additional Feature Counts!, 5.16 mins elapsed.
2024-04-18 13:30:35 : (Sample_BCG_h1 : 1 of 1) Removing Fragments from Filtered Cells, 5.547 mins elapsed.
2024-04-18 13:30:35 : (Sample_BCG_h1 : 1 of 1) Creating Filtered Arrow File, 5.547 mins elapsed.
2024-04-18 13:32:11 : (Sample_BCG_h1 : 1 of 1) Finished Constructing Filtered Arrow File!, 7.146 mins elapsed.
2024-04-18 13:32:13 : (Sample_BCG_h1 : 1 of 1) Adding TileMatrix!, 7.189 mins elapsed.
2024-04-18 13:35:37 : (Sample_BCG_h1 : 1 of 1) Finished Creating Arrow File, 10.584 mins elapsed.
ArchR logging successful to : ArchRLogs/ArchR-createArrows-131c36a95794c-Date-2024-04-18_Time-13-25-02.log
Setting default number of Parallel threads to 1.
Using GeneAnnotation set by addArchRGenome(Hg38)!
Using GeneAnnotation set by addArchRGenome(Hg38)!
Validating Arrows...
Getting SampleNames...
1 
Getting Cell Metadata...
1 
Merging Cell Metadata...
Initializing ArchRProject...

                                                   / |
                                                 /    \
            .                                  /      |.
            \\\                              /        |.
              \\\                          /           `|.
                \\\                      /              |.
                  \                    /                |\
                  \\#####\           /                  ||
                ==###########>      /                   ||
                 \\##==......\    /                     ||
            ______ =       =|__ /__                     ||      \\\
        ,--' ,----`-,__ ___/'  --,-`-===================##========>
       \               '        ##_______ _____ ,--,__,=##,__   ///
        ,    __==    ___,-,__,--'#'  ==='      `-'    | ##,-/
        -,____,---'       \\####\\________________,--\\_##,/
           ___      .______        ______  __    __  .______      
          /   \     |   _  \      /      ||  |  |  | |   _  \     
         /  ^  \    |  |_)  |    |  ,----'|  |__|  | |  |_)  |    
        /  /_\  \   |      /     |  |     |   __   | |      /     
       /  _____  \  |  |\  \\___ |  `----.|  |  |  | |  |\  \\___.
      /__/     \__\ | _| `._____| \______||__|  |__| | _| `._____|
    
Copying Arrow Files...
Copying Arrow Files (1 of 1)
Saving ArchRProject...
Loading ArchRProject...
Successfully loaded ArchRProject!

                                                   / |
                                                 /    \
            .                                  /      |.
            \\\                              /        |.
              \\\                          /           `|.
                \\\                      /              |.
                  \                    /                |\
                  \\#####\           /                  ||
                ==###########>      /                   ||
                 \\##==......\    /                     ||
            ______ =       =|__ /__                     ||      \\\
        ,--' ,----`-,__ ___/'  --,-`-===================##========>
       \               '        ##_______ _____ ,--,__,=##,__   ///
        ,    __==    ___,-,__,--'#'  ==='      `-'    | ##,-/
        -,____,---'       \\####\\________________,--\\_##,/
           ___      .______        ______  __    __  .______      
          /   \     |   _  \      /      ||  |  |  | |   _  \     
         /  ^  \    |  |_)  |    |  ,----'|  |__|  | |  |_)  |    
        /  /_\  \   |      /     |  |     |   __   | |      /     
       /  _____  \  |  |\  \\___ |  `----.|  |  |  | |  |\  \\___.
      /__/     \__\ | _| `._____| \______||__|  |__| | _| `._____|
    
Copying ArchRProject to new outputDirectory : /lilac/data/peer/lpaddock/repos/multiome_QC_preprocessing/results/Sample_BCG_h1/ArchR/cr_filt
Copying Arrow Files...
Getting ImputeWeights
No imputeWeights found, returning NULL
Copying Other Files...
Copying Other Files (1 of 1): export
Saving ArchRProject...
Loading ArchRProject...
Successfully loaded ArchRProject!

                                                   / |
                                                 /    \
            .                                  /      |.
            \\\                              /        |.
              \\\                          /           `|.
                \\\                      /              |.
                  \                    /                |\
                  \\#####\           /                  ||
                ==###########>      /                   ||
                 \\##==......\    /                     ||
            ______ =       =|__ /__                     ||      \\\
        ,--' ,----`-,__ ___/'  --,-`-===================##========>
       \               '        ##_______ _____ ,--,__,=##,__   ///
        ,    __==    ___,-,__,--'#'  ==='      `-'    | ##,-/
        -,____,---'       \\####\\________________,--\\_##,/
           ___      .______        ______  __    __  .______      
          /   \     |   _  \      /      ||  |  |  | |   _  \     
         /  ^  \    |  |_)  |    |  ,----'|  |__|  | |  |_)  |    
        /  /_\  \   |      /     |  |     |   __   | |      /     
       /  _____  \  |  |\  \\___ |  `----.|  |  |  | |  |\  \\___.
      /__/     \__\ | _| `._____| \______||__|  |__| | _| `._____|
    
Checking Inputs...
ArchR logging to : ArchRLogs/ArchR-addIterativeLSI-131c32e4c1f16-Date-2024-04-18_Time-13-37-40.log
If there is an issue, please report to github with logFile!
2024-04-18 13:37:40 : Computing Total Across All Features, 0 mins elapsed.
2024-04-18 13:37:41 : Computing Top Features, 0.015 mins elapsed.
###########
2024-04-18 13:37:43 : Running LSI (1 of 2) on Top Features, 0.037 mins elapsed.
###########
2024-04-18 13:37:43 : Sampling Cells (N = 10000) for Estimated LSI, 0.038 mins elapsed.
2024-04-18 13:37:43 : Creating Sampled Partial Matrix, 0.038 mins elapsed.
2024-04-18 13:37:51 : Computing Estimated LSI (projectAll = FALSE), 0.185 mins elapsed.
2024-04-18 13:38:29 : Identifying Clusters, 0.81 mins elapsed.
2024-04-18 13:38:45 : Identified 6 Clusters, 1.078 mins elapsed.
2024-04-18 13:38:45 : Saving LSI Iteration, 1.078 mins elapsed.
2024-04-18 13:39:15 : Creating Cluster Matrix on the total Group Features, 1.571 mins elapsed.
2024-04-18 13:39:43 : Computing Variable Features, 2.048 mins elapsed.
###########
2024-04-18 13:39:43 : Running LSI (2 of 2) on Variable Features, 2.051 mins elapsed.
###########
2024-04-18 13:39:43 : Creating Partial Matrix, 2.051 mins elapsed.
2024-04-18 13:40:01 : Computing LSI, 2.343 mins elapsed.
2024-04-18 13:41:12 : Finished Running IterativeLSI, 3.535 mins elapsed.
13:41:12 UMAP embedding parameters a = 0.7669 b = 1.223
13:41:12 Read 20000 rows and found 30 numeric columns
13:41:12 Using Annoy for neighbor search, n_neighbors = 40
13:41:12 Building Annoy index with metric = cosine, n_trees = 50
0%   10   20   30   40   50   60   70   80   90   100%
[----|----|----|----|----|----|----|----|----|----|
**************************************************|
13:41:14 Writing NN index file to temp file /tmp/Rtmp6C2cnr/file131c35e16ed88
13:41:14 Searching Annoy index using 64 threads, search_k = 4000
13:41:15 Annoy recall = 100%
13:41:16 Commencing smooth kNN distance calibration using 64 threads with target n_neighbors = 40
13:41:17 Initializing from normalized Laplacian + noise (using irlba)
13:41:17 Commencing optimization for 200 epochs, with 1306518 positive edges
Using method 'umap'
0%   10   20   30   40   50   60   70   80   90   100%
[----|----|----|----|----|----|----|----|----|----|
**************************************************|
13:41:54 Optimization finished
13:41:54 Creating temp model dir /tmp/Rtmp6C2cnr/dir131c32346b5e5
13:41:54 Creating dir /tmp/Rtmp6C2cnr/dir131c32346b5e5
13:41:56 Changing to /tmp/Rtmp6C2cnr/dir131c32346b5e5
13:41:56 Creating /lilac/data/peer/lpaddock/repos/multiome_QC_preprocessing/results/Sample_BCG_h1/ArchR/cr_filt/Embeddings/Save-Uwot-UMAP-Params-IterativeLSI-131c32b5c94eb-Date-2024-04-18_Time-13-41-54.tar
Error in getEmbedding(proj) : 
  Embedding not in computed embeddings, Current ones are : 
Calls: write.csv ... eval -> <Anonymous> -> is.data.frame -> getEmbedding
In addition: Warning message:
invalid uid value replaced by that for user 'nobody' 
Execution halted
