
           ___      .______        ______  __    __  .______      
          /   \     |   _  \      /      ||  |  |  | |   _  \     
         /  ^  \    |  |_)  |    |  ,----'|  |__|  | |  |_)  |    
        /  /_\  \   |      /     |  |     |   __   | |      /     
       /  _____  \  |  |\  \\___ |  `----.|  |  |  | |  |\  \\___.
      /__/     \__\ | _| `._____| \______||__|  |__| | _| `._____|
    
Logging With ArchR!

Start Time : 2024-04-17 14:18:34

------- ArchR Info

ArchRThreads = 1
ArchRGenome = Hg38

------- System Info

Computer OS = unix
Total Cores = 128

------- Session Info

R version 4.2.3 (2023-03-15)
Platform: x86_64-conda-linux-gnu (64-bit)
Running under: CentOS Linux 7 (Core)

Matrix products: default
BLAS/LAPACK: /lilac/home/paddockl/miniconda3/envs/multiome_winner/lib/libopenblasp-r0.3.23.so

locale:
 [1] LC_CTYPE=en_US.UTF-8       LC_NUMERIC=C              
 [3] LC_TIME=en_US.UTF-8        LC_COLLATE=en_US.UTF-8    
 [5] LC_MONETARY=en_US.UTF-8    LC_MESSAGES=en_US.UTF-8   
 [7] LC_PAPER=en_US.UTF-8       LC_NAME=C                 
 [9] LC_ADDRESS=C               LC_TELEPHONE=C            
[11] LC_MEASUREMENT=en_US.UTF-8 LC_IDENTIFICATION=C       

attached base packages:
 [1] grid      parallel  stats4    stats     graphics  grDevices utils    
 [8] datasets  methods   base     

other attached packages:
 [1] gridExtra_2.3                     Rsamtools_2.14.0                 
 [3] BSgenome.Hsapiens.UCSC.hg38_1.4.5 BSgenome_1.66.3                  
 [5] rtracklayer_1.58.0                Biostrings_2.66.0                
 [7] XVector_0.38.0                    ArchR_1.0.1                      
 [9] magrittr_2.0.3                    rhdf5_2.42.1                     
[11] Matrix_1.5-4.1                    data.table_1.14.8                
[13] SummarizedExperiment_1.28.0       Biobase_2.58.0                   
[15] GenomicRanges_1.50.2              GenomeInfoDb_1.34.9              
[17] IRanges_2.32.0                    S4Vectors_0.36.2                 
[19] BiocGenerics_0.44.0               MatrixGenerics_1.10.0            
[21] matrixStats_1.0.0                 ggplot2_3.4.2                    

loaded via a namespace (and not attached):
 [1] tidyselect_1.2.0         lattice_0.21-8           colorspace_2.1-0        
 [4] vctrs_0.6.3              generics_0.1.3           yaml_2.3.7              
 [7] utf8_1.2.3               XML_3.99-0.14            rlang_1.1.1             
[10] pillar_1.9.0             glue_1.6.2               withr_2.5.0             
[13] BiocParallel_1.32.6      GenomeInfoDbData_1.2.9   lifecycle_1.0.3         
[16] stringr_1.5.0            zlibbioc_1.44.0          munsell_0.5.0           
[19] gtable_0.3.3             codetools_0.2-19         restfulr_0.0.15         
[22] labeling_0.4.2           Cairo_1.6-0              fansi_1.0.4             
[25] Rcpp_1.0.10              scales_1.2.1             DelayedArray_0.24.0     
[28] farver_2.1.1             rjson_0.2.21             stringi_1.7.12          
[31] dplyr_1.1.2              BiocIO_1.8.0             cli_3.6.1               
[34] tools_4.2.3              bitops_1.0-7             rhdf5filters_1.10.1     
[37] RCurl_1.98-1.12          tibble_3.2.1             crayon_1.5.2            
[40] pkgconfig_2.0.3          MASS_7.3-60              Rhdf5lib_1.20.0         
[43] R6_2.5.1                 GenomicAlignments_1.34.1 compiler_4.2.3          


------- Log Info


2024-04-17 14:18:34 : createArrowFiles Input-Parameters, Class = list

createArrowFiles Input-Parameters$inputFiles: length = 1
                                                                                 Sample_BCG_h3 
"/data/peer/lpaddock/repos/multiome_QC_preprocessing/data/Sample_BCG_h3/atac_fragments.tsv.gz" 


createArrowFiles Input-Parameters$sampleNames: length = 1
[1] "Sample_BCG_h3"


createArrowFiles Input-Parameters$outputNames: length = 1
[1] "Sample_BCG_h3"


createArrowFiles Input-Parameters$validBarcodes: length = 0
NULL


createArrowFiles Input-Parameters$minTSS: length = 1
[1] 0


createArrowFiles Input-Parameters$minFrags: length = 1
[1] 1


createArrowFiles Input-Parameters$maxFrags: length = 1
[1] 1e+20


createArrowFiles Input-Parameters$QCDir: length = 1
[1] "QualityControl"


createArrowFiles Input-Parameters$nucLength: length = 1
[1] 147


createArrowFiles Input-Parameters$promoterRegion: length = 2
[1] 2000  100


createArrowFiles Input-Parameters$excludeChr: length = 1
[1] "chrM"


createArrowFiles Input-Parameters$nChunk: length = 1
[1] 5


createArrowFiles Input-Parameters$bcTag: length = 1
[1] "qname"


createArrowFiles Input-Parameters$gsubExpression: length = 0
NULL


createArrowFiles Input-Parameters$bamFlag: length = 0
NULL


createArrowFiles Input-Parameters$offsetPlus: length = 1
[1] 4


createArrowFiles Input-Parameters$offsetMinus: length = 1
[1] -5


createArrowFiles Input-Parameters$addTileMat: length = 1
[1] TRUE


createArrowFiles Input-Parameters$addGeneScoreMat: length = 1
[1] FALSE


createArrowFiles Input-Parameters$force: length = 1
[1] FALSE


createArrowFiles Input-Parameters$threads: length = 1
[1] 1


createArrowFiles Input-Parameters$parallelParam: length = 0
NULL


createArrowFiles Input-Parameters$subThreading: length = 1
[1] TRUE


createArrowFiles Input-Parameters$verbose: length = 1
[1] TRUE


createArrowFiles Input-Parameters$cleanTmp: length = 1
[1] TRUE


createArrowFiles Input-Parameters$logFile: length = 1
[1] "ArchRLogs/ArchR-createArrows-a932715c0d7e-Date-2024-04-17_Time-14-18-34.log"


createArrowFiles Input-Parameters$filterFrags: length = 1
[1] 1


createArrowFiles Input-Parameters$filterTSS: length = 1
[1] 0



2024-04-17 14:18:34 : Cleaning Temporary Files
2024-04-17 14:18:34 : Batch Execution w/ safelapply!, 0 mins elapsed.

###########
2024-04-17 14:18:34 : Creating Arrow File Sample_BCG_h3.arrow (Sample_BCG_h3 : 1 of 1)
###########


2024-04-17 14:18:34 : validBC, Class = NULL

validBC: length = 0
NULL



2024-04-17 14:18:34 : (Sample_BCG_h3 : 1 of 1) Determining Arrow Method to use!
2024-04-17 14:18:34 : (Sample_BCG_h3 : 1 of 1) Reading In Fragments from inputFiles (readMethod = tabix), 0 mins elapsed.
2024-04-17 14:18:34 : (Sample_BCG_h3 : 1 of 1) Tabix Bed To Temporary File, 0 mins elapsed.

2024-04-17 14:18:34 : tileChromSizes, Class = GRanges
GRanges object with 120 ranges and 1 metadata column:
        seqnames              ranges strand |     chunkName
           <Rle>           <IRanges>  <Rle> |   <character>
    [1]     chr1          1-49791284      * |   chr1#chunk1
    [2]     chr1   49791285-99582568      * |   chr1#chunk2
    [3]     chr1  99582569-149373853      * |   chr1#chunk3
    [4]     chr1 149373854-199165137      * |   chr1#chunk4
    [5]     chr1 199165138-248956422      * |   chr1#chunk5
    ...      ...                 ...    ... .           ...
  [116]     chrY          1-11445483      * | chrY#chunk116
  [117]     chrY   11445484-22890966      * | chrY#chunk117
  [118]     chrY   22890967-34336449      * | chrY#chunk118
  [119]     chrY   34336450-45781932      * | chrY#chunk119
  [120]     chrY   45781933-57227415      * | chrY#chunk120
  -------
  seqinfo: 24 sequences from an unspecified genome; no seqlengths


2024-04-17 14:19:08 : (Sample_BCG_h3 : 1 of 1) .tabixToTmp Fragments-Chunk-(1 of 120)-chr1:1-49791284, Class = data.table
 
2024-04-17 14:19:08 : (Sample_BCG_h3 : 1 of 1) .tabixToTmp Fragments-Chunk-(1 of 120)-chr1:1-49791284, Class = data.frame
(Sample_BCG_h3 : 1 of 1) .tabixToTmp Fragments-Chunk-(1 of 120)-chr1:1-49791284: nRows = 9766579, nCols = 3
      V2    V3                 V4
1:  9982 10042 AAATGCCTCCACCTTA-1
2: 10068 10198 TGTTATGAGCTAATTG-1
3: 10068 10210 TTGGGTTAGGATTGCT-1
4: 10073 10192 ACGTTACAGGTGCTGC-1
5: 10073 10216 CACATTAAGGATCCGC-1
6: 10073 10340 ACATAGCTCATTACTC-1



2024-04-17 14:19:08 : (Sample_BCG_h3 : 1 of 1) .tabixToTmp Barcodes-Chunk-(1 of 120)-chr1:1-49791284, Class = character

(Sample_BCG_h3 : 1 of 1) .tabixToTmp Barcodes-Chunk-(1 of 120)-chr1:1-49791284: length = 156086
[1] "AAATGCCTCCACCTTA-1" "TGTTATGAGCTAATTG-1" "TTGGGTTAGGATTGCT-1"
[4] "ACGTTACAGGTGCTGC-1" "CACATTAAGGATCCGC-1" "ACATAGCTCATTACTC-1"


2024-04-17 14:22:02 : (Sample_BCG_h3 : 1 of 1) Reading TabixFile 8 Percent, 3.457 mins elapsed.
2024-04-17 14:24:55 : (Sample_BCG_h3 : 1 of 1) Reading TabixFile 17 Percent, 6.347 mins elapsed.
2024-04-17 14:27:23 : (Sample_BCG_h3 : 1 of 1) Reading TabixFile 25 Percent, 8.808 mins elapsed.
2024-04-17 14:29:29 : (Sample_BCG_h3 : 1 of 1) Reading TabixFile 33 Percent, 10.92 mins elapsed.
2024-04-17 14:31:19 : (Sample_BCG_h3 : 1 of 1) Reading TabixFile 42 Percent, 12.742 mins elapsed.
2024-04-17 14:33:15 : (Sample_BCG_h3 : 1 of 1) Reading TabixFile 50 Percent, 14.671 mins elapsed.
2024-04-17 14:34:33 : (Sample_BCG_h3 : 1 of 1) Reading TabixFile 58 Percent, 15.983 mins elapsed.
2024-04-17 14:35:47 : (Sample_BCG_h3 : 1 of 1) Reading TabixFile 67 Percent, 17.209 mins elapsed.
2024-04-17 14:36:59 : (Sample_BCG_h3 : 1 of 1) Reading TabixFile 75 Percent, 18.405 mins elapsed.
2024-04-17 14:37:58 : (Sample_BCG_h3 : 1 of 1) Reading TabixFile 83 Percent, 19.398 mins elapsed.
2024-04-17 14:38:35 : (Sample_BCG_h3 : 1 of 1) Reading TabixFile 92 Percent, 20.005 mins elapsed.
2024-04-17 14:39:18 : (Sample_BCG_h3 : 1 of 1) Reading TabixFile 100 Percent, 20.732 mins elapsed.
2024-04-17 14:39:19 : (Sample_BCG_h3 : 1 of 1) Successful creation of Temporary File, 20.748 mins elapsed.
2024-04-17 14:39:19 : (Sample_BCG_h3 : 1 of 1) Creating ArrowFile From Temporary File, 20.748 mins elapsed.

2024-04-17 14:39:19 : (Sample_BCG_h3 : 1 of 1) chunkChrNames, Class = data.frame
(Sample_BCG_h3 : 1 of 1) chunkChrNames: nRows = 118, nCols = 1
     chunkNames
1   chr1#chunk1
2   chr1#chunk2
3   chr1#chunk3
4   chr1#chunk4
5   chr1#chunk5
6 chr10#chunk46


2024-04-17 14:39:19 : (Sample_BCG_h3 : 1 of 1) Counting Unique Barcodes From Temporary File, 20.748 mins elapsed.

2024-04-17 14:39:33 : (Sample_BCG_h3 : 1 of 1) BarcodeFrequencyTable, Class = data.table
 
2024-04-17 14:39:33 : (Sample_BCG_h3 : 1 of 1) BarcodeFrequencyTable, Class = data.frame
(Sample_BCG_h3 : 1 of 1) BarcodeFrequencyTable: nRows = 649415, nCols = 2
            values.V1     V1
1: TCCAGGTCAAGCCACT-1 768554
2: TTCATCCCATCTAGCA-1 753453
3: AAAGGAGCAACAGCCT-1 700318
4: TGCACCTTCTTTGAGA-1 677205
5: ACCTACCTCGAGCAAA-1 649927
6: CCCGTAAAGGACGTAA-1 563704



2024-04-17 14:39:33 : (Sample_BCG_h3 : 1 of 1) BarcodesMinMaxFrags, Class = data.frame
(Sample_BCG_h3 : 1 of 1) BarcodesMinMaxFrags: nRows = 649415, nCols = 1
                  bc
1 TCCAGGTCAAGCCACT-1
2 TTCATCCCATCTAGCA-1
3 AAAGGAGCAACAGCCT-1
4 TGCACCTTCTTTGAGA-1
5 ACCTACCTCGAGCAAA-1
6 CCCGTAAAGGACGTAA-1



2024-04-17 14:39:36 : (Sample_BCG_h3 : 1 of 1) Unique Chromosomes, Class = data.frame
(Sample_BCG_h3 : 1 of 1) Unique Chromosomes: nRows = 24, nCols = 1
   chr
1 chr1
2 chr2
3 chr3
4 chr4
5 chr5
6 chr6


2024-04-17 14:39:36 : (Sample_BCG_h3 : 1 of 1) Adding Chromosome 1 of 24, 21.034 mins elapsed.

2024-04-17 14:39:59 : (Sample_BCG_h3 : 1 of 1) .tmpToArrow Fragments-Chr-(1 of 24)-chr1, Class = IRanges

(Sample_BCG_h3 : 1 of 1) .tmpToArrow Fragments-Chr-(1 of 24)-chr1: length = 36462538
IRanges object with 6 ranges and 1 metadata column:
          start       end     width |                 RG
      <integer> <integer> <integer> |              <Rle>
  [1]    187477    187505        29 | TCCAGGTCAAGCCACT-1
  [2]    514142    514171        30 | TCCAGGTCAAGCCACT-1
  [3]    778661    778735        75 | TCCAGGTCAAGCCACT-1
  [4]    789851    789892        42 | TCCAGGTCAAGCCACT-1
  [5]    791181    791323       143 | TCCAGGTCAAGCCACT-1
  [6]    799456    799632       177 | TCCAGGTCAAGCCACT-1



2024-04-17 14:39:59 : (Sample_BCG_h3 : 1 of 1) .tmpToArrow Barcodes-Chr-(1 of 24)-chr1, Class = data.frame
(Sample_BCG_h3 : 1 of 1) .tmpToArrow Barcodes-Chr-(1 of 24)-chr1: nRows = 288855, nCols = 1
                  bc
1 TCCAGGTCAAGCCACT-1
2 TTCATCCCATCTAGCA-1
3 AAAGGAGCAACAGCCT-1
4 TGCACCTTCTTTGAGA-1
5 ACCTACCTCGAGCAAA-1
6 CCCGTAAAGGACGTAA-1


2024-04-17 14:40:01 : (Sample_BCG_h3 : 1 of 1) Adding Chromosome 2 of 24, 21.449 mins elapsed.
2024-04-17 14:40:26 : (Sample_BCG_h3 : 1 of 1) Adding Chromosome 3 of 24, 21.87 mins elapsed.
2024-04-17 14:40:45 : (Sample_BCG_h3 : 1 of 1) Adding Chromosome 4 of 24, 22.186 mins elapsed.
2024-04-17 14:41:03 : (Sample_BCG_h3 : 1 of 1) Adding Chromosome 5 of 24, 22.483 mins elapsed.
2024-04-17 14:41:22 : (Sample_BCG_h3 : 1 of 1) Adding Chromosome 6 of 24, 22.787 mins elapsed.
2024-04-17 14:41:44 : (Sample_BCG_h3 : 1 of 1) Adding Chromosome 7 of 24, 23.17 mins elapsed.
2024-04-17 14:41:59 : (Sample_BCG_h3 : 1 of 1) Adding Chromosome 8 of 24, 23.414 mins elapsed.
2024-04-17 14:42:14 : (Sample_BCG_h3 : 1 of 1) Adding Chromosome 9 of 24, 23.656 mins elapsed.
2024-04-17 14:42:25 : (Sample_BCG_h3 : 1 of 1) Adding Chromosome 10 of 24, 23.846 mins elapsed.
2024-04-17 14:42:38 : (Sample_BCG_h3 : 1 of 1) Adding Chromosome 11 of 24, 24.068 mins elapsed.
2024-04-17 14:42:52 : (Sample_BCG_h3 : 1 of 1) Adding Chromosome 12 of 24, 24.294 mins elapsed.
2024-04-17 14:43:06 : (Sample_BCG_h3 : 1 of 1) Adding Chromosome 13 of 24, 24.524 mins elapsed.
2024-04-17 14:43:15 : (Sample_BCG_h3 : 1 of 1) Adding Chromosome 14 of 24, 24.676 mins elapsed.
2024-04-17 14:43:24 : (Sample_BCG_h3 : 1 of 1) Adding Chromosome 15 of 24, 24.832 mins elapsed.
2024-04-17 14:43:33 : (Sample_BCG_h3 : 1 of 1) Adding Chromosome 16 of 24, 24.98 mins elapsed.
2024-04-17 14:43:42 : (Sample_BCG_h3 : 1 of 1) Adding Chromosome 17 of 24, 25.133 mins elapsed.
2024-04-17 14:43:52 : (Sample_BCG_h3 : 1 of 1) Adding Chromosome 18 of 24, 25.291 mins elapsed.
2024-04-17 14:44:00 : (Sample_BCG_h3 : 1 of 1) Adding Chromosome 19 of 24, 25.42 mins elapsed.
2024-04-17 14:44:07 : (Sample_BCG_h3 : 1 of 1) Adding Chromosome 20 of 24, 25.55 mins elapsed.
2024-04-17 14:44:15 : (Sample_BCG_h3 : 1 of 1) Adding Chromosome 21 of 24, 25.675 mins elapsed.
2024-04-17 14:44:19 : (Sample_BCG_h3 : 1 of 1) Adding Chromosome 22 of 24, 25.747 mins elapsed.
2024-04-17 14:44:24 : (Sample_BCG_h3 : 1 of 1) Adding Chromosome 23 of 24, 25.836 mins elapsed.
2024-04-17 14:44:33 : (Sample_BCG_h3 : 1 of 1) Adding Chromosome 24 of 24, 25.972 mins elapsed.
2024-04-17 14:44:35 : (Sample_BCG_h3 : 1 of 1) Successful creation of Arrow File, 26.005 mins elapsed.
2024-04-17 14:44:35 : (Sample_BCG_h3 : 1 of 1) Adding Fragment Summary, 26.019 mins elapsed.
2024-04-17 14:46:13 : (Sample_BCG_h3 : 1 of 1) Plotting Fragment Size Distribution, 27.644 mins elapsed.
2024-04-17 14:46:14 : (Sample_BCG_h3 : 1 of 1) Computing TSS Enrichment Scores, 27.663 mins elapsed.
2024-04-17 14:50:25 : (Sample_BCG_h3 : 1 of 1) Computed TSS Scores!, 4.177 mins elapsed.
2024-04-17 14:50:25 : (Sample_BCG_h3 : 1 of 1) CellStats : Number of Cells Pass Filter = 649415 , 31.84 mins elapsed.
2024-04-17 14:50:25 : (Sample_BCG_h3 : 1 of 1) CellStats : Median Frags = 5 , 31.84 mins elapsed.
2024-04-17 14:50:25 : (Sample_BCG_h3 : 1 of 1) CellStats : Median TSS Enrichment = 0 , 31.841 mins elapsed.
2024-04-17 14:50:25 : (Sample_BCG_h3 : 1 of 1) Plotting TSS Enrichment Scores, 31.841 mins elapsed.
2024-04-17 14:50:51 : (Sample_BCG_h3 : 1 of 1) Adding Metadata to Fragments, 32.272 mins elapsed.
2024-04-17 14:50:54 : (Sample_BCG_h3 : 1 of 1) Adding Additional Feature Counts!, 32.334 mins elapsed.
2024-04-17 14:54:18 : (Sample_BCG_h3 : 1 of 1) Finished Adding Additional Feature Counts!, 35.726 mins elapsed.

2024-04-17 14:54:18 : (Sample_BCG_h3 : 1 of 1) Metadata, Class = DFrame
DataFrame with 649415 rows and 12 columns
                    cellNames    nFrags nMonoFrags  nDiFrags nMultiFrags
                  <character> <numeric>  <numeric> <numeric>   <numeric>
1      Sample_BCG_h3#TCCAGG..    768554     255404    483439       29711
2      Sample_BCG_h3#TTCATC..    753453     224488    495513       33452
3      Sample_BCG_h3#AAAGGA..    700318     191274    472713       36331
4      Sample_BCG_h3#TGCACC..    677205     180090    461493       35622
5      Sample_BCG_h3#ACCTAC..    649927     190247    423380       36300
...                       ...       ...        ...       ...         ...
649411 Sample_BCG_h3#ACCGCA..         1          1         0           0
649412 Sample_BCG_h3#ACGAAT..         1          0         0           1
649413 Sample_BCG_h3#GTAGCG..         1          0         0           1
649414 Sample_BCG_h3#TACGGA..         1          0         1           0
649415 Sample_BCG_h3#TATCGC..         1          0         1           0
       TSSEnrichment ReadsInTSS      Keep ReadsInPromoter PromoterRatio
           <numeric>  <numeric> <numeric>       <numeric>     <numeric>
1              1.626      16184         1           34858     0.0226777
2              2.143      20598         1           36843     0.0244494
3              3.069      28998         1           42883     0.0306168
4              3.846      35747         1           49390     0.0364661
5              3.744      31875         1           43761     0.0336661
...              ...        ...       ...             ...           ...
649411             0          0         1               0             0
649412             0          0         1               0             0
649413             0          0         1               0             0
649414             0          0         1               0             0
649415             0          0         1               0             0
       ReadsInBlacklist BlacklistRatio
              <numeric>      <numeric>
1                 11467     0.00746011
2                 11016     0.00731034
3                  9784     0.00698540
4                  9776     0.00721790
5                  9258     0.00712234
...                 ...            ...
649411                2              1
649412                2              1
649413                2              1
649414                2              1
649415                2              1

2024-04-17 14:54:26 : (Sample_BCG_h3 : 1 of 1) Removing Fragments from Filtered Cells, 35.866 mins elapsed.
2024-04-17 14:54:26 : (Sample_BCG_h3 : 1 of 1) Creating Filtered Arrow File, 35.867 mins elapsed.

2024-04-17 14:54:40 : (Sample_BCG_h3 : 1 of 1) .filterCellsFromArrow Fragments-Chr-(1 of 24)-chr1, Class = GRanges
GRanges object with 36462538 ranges and 1 metadata column:
             seqnames              ranges strand |                     RG
                <Rle>           <IRanges>  <Rle> |                  <Rle>
         [1]     chr1       187477-187505      * | Sample_BCG_h3#TCCAGG..
         [2]     chr1       514142-514171      * | Sample_BCG_h3#TCCAGG..
         [3]     chr1       778661-778735      * | Sample_BCG_h3#TCCAGG..
         [4]     chr1       789851-789892      * | Sample_BCG_h3#TCCAGG..
         [5]     chr1       791181-791323      * | Sample_BCG_h3#TCCAGG..
         ...      ...                 ...    ... .                    ...
  [36462534]     chr1 239954443-239954484      * | Sample_BCG_h3#TTTGCA..
  [36462535]     chr1 240642444-240642624      * | Sample_BCG_h3#TTTGGT..
  [36462536]     chr1 239818541-239818587      * | Sample_BCG_h3#TTTGGT..
  [36462537]     chr1 245725037-245725238      * | Sample_BCG_h3#TTTGGT..
  [36462538]     chr1 231119273-231119403      * | Sample_BCG_h3#TTTGGT..
  -------
  seqinfo: 1 sequence from an unspecified genome; no seqlengths


2024-04-17 14:54:40 : (Sample_BCG_h3 : 1 of 1) .filterCellsFromArrow Barcodes-Chr-(1 of 24)-chr1, Class = data.frame
(Sample_BCG_h3 : 1 of 1) .filterCellsFromArrow Barcodes-Chr-(1 of 24)-chr1: nRows = 288855, nCols = 1
                                bc
1 Sample_BCG_h3#TCCAGGTCAAGCCACT-1
2 Sample_BCG_h3#TTCATCCCATCTAGCA-1
3 Sample_BCG_h3#AAAGGAGCAACAGCCT-1
4 Sample_BCG_h3#TGCACCTTCTTTGAGA-1
5 Sample_BCG_h3#ACCTACCTCGAGCAAA-1
6 Sample_BCG_h3#CCCGTAAAGGACGTAA-1


2024-04-17 14:57:00 : (Sample_BCG_h3 : 1 of 1) Finished Constructing Filtered Arrow File!, 38.424 mins elapsed.
2024-04-17 14:57:02 : (Sample_BCG_h3 : 1 of 1) Adding TileMatrix!, 38.469 mins elapsed.

2024-04-17 14:57:04 : Sample_BCG_h3 .addTileMat FeatureDF, Class = DFrame
DataFrame with 6176550 rows and 3 columns
           seqnames       idx     start
        <character> <integer> <numeric>
1              chr1         1         0
2              chr1         2       500
3              chr1         3      1000
4              chr1         4      1500
5              chr1         5      2000
...             ...       ...       ...
6176546        chrY    114451  57225000
6176547        chrY    114452  57225500
6176548        chrY    114453  57226000
6176549        chrY    114454  57226500
6176550        chrY    114455  57227000

2024-04-17 14:57:15 : Adding TileMatrix to Sample_BCG_h3 for Chr (1 of 24)!, 0.216 mins elapsed.

2024-04-17 14:57:25 : NTiles_TileMatrix_1_chr1, Class = numeric

NTiles_TileMatrix_1_chr1: length = 1
  chr1 
497913 



2024-04-17 14:57:25 : NCells_TileMatrix_1_chr1, Class = integer

NCells_TileMatrix_1_chr1: length = 1
[1] 649415



2024-04-17 14:57:25 : MinTile_TileMatrix_1_chr1, Class = numeric

MinTile_TileMatrix_1_chr1: length = 1
[1] 20



2024-04-17 14:57:25 : MaxTile_TileMatrix_1_chr1, Class = numeric

MaxTile_TileMatrix_1_chr1: length = 1
[1] 497893



2024-04-17 14:57:25 : MinCell_TileMatrix_1_chr1, Class = integer

MinCell_TileMatrix_1_chr1: length = 1
[1] 1



2024-04-17 14:57:25 : MaxCell_TileMatrix_1_chr1, Class = integer

MaxCell_TileMatrix_1_chr1: length = 1
[1] 577325


2024-04-17 14:57:42 : Adding TileMatrix to Sample_BCG_h3 for Chr (2 of 24)!, 0.66 mins elapsed.

2024-04-17 14:57:48 : NTiles_TileMatrix_2_chr2, Class = numeric

NTiles_TileMatrix_2_chr2: length = 1
  chr2 
484388 



2024-04-17 14:57:48 : NCells_TileMatrix_2_chr2, Class = integer

NCells_TileMatrix_2_chr2: length = 1
[1] 649415



2024-04-17 14:57:48 : MinTile_TileMatrix_2_chr2, Class = numeric

MinTile_TileMatrix_2_chr2: length = 1
[1] 21



2024-04-17 14:57:48 : MaxTile_TileMatrix_2_chr2, Class = numeric

MaxTile_TileMatrix_2_chr2: length = 1
[1] 484367



2024-04-17 14:57:48 : MinCell_TileMatrix_2_chr2, Class = integer

MinCell_TileMatrix_2_chr2: length = 1
[1] 1



2024-04-17 14:57:48 : MaxCell_TileMatrix_2_chr2, Class = integer

MaxCell_TileMatrix_2_chr2: length = 1
[1] 612159


2024-04-17 14:58:04 : Adding TileMatrix to Sample_BCG_h3 for Chr (3 of 24)!, 1.025 mins elapsed.

2024-04-17 14:58:09 : NTiles_TileMatrix_3_chr3, Class = numeric

NTiles_TileMatrix_3_chr3: length = 1
  chr3 
396592 



2024-04-17 14:58:09 : NCells_TileMatrix_3_chr3, Class = integer

NCells_TileMatrix_3_chr3: length = 1
[1] 649415



2024-04-17 14:58:09 : MinTile_TileMatrix_3_chr3, Class = numeric

MinTile_TileMatrix_3_chr3: length = 1
[1] 21



2024-04-17 14:58:09 : MaxTile_TileMatrix_3_chr3, Class = numeric

MaxTile_TileMatrix_3_chr3: length = 1
[1] 396466



2024-04-17 14:58:09 : MinCell_TileMatrix_3_chr3, Class = integer

MinCell_TileMatrix_3_chr3: length = 1
[1] 1



2024-04-17 14:58:09 : MaxCell_TileMatrix_3_chr3, Class = integer

MaxCell_TileMatrix_3_chr3: length = 1
[1] 621823


2024-04-17 14:58:21 : Adding TileMatrix to Sample_BCG_h3 for Chr (4 of 24)!, 1.314 mins elapsed.

2024-04-17 14:58:25 : NTiles_TileMatrix_4_chr4, Class = numeric

NTiles_TileMatrix_4_chr4: length = 1
  chr4 
380430 



2024-04-17 14:58:25 : NCells_TileMatrix_4_chr4, Class = integer

NCells_TileMatrix_4_chr4: length = 1
[1] 649415



2024-04-17 14:58:25 : MinTile_TileMatrix_4_chr4, Class = numeric

MinTile_TileMatrix_4_chr4: length = 1
[1] 21



2024-04-17 14:58:25 : MaxTile_TileMatrix_4_chr4, Class = numeric

MaxTile_TileMatrix_4_chr4: length = 1
[1] 380410



2024-04-17 14:58:25 : MinCell_TileMatrix_4_chr4, Class = integer

MinCell_TileMatrix_4_chr4: length = 1
[1] 1



2024-04-17 14:58:26 : MaxCell_TileMatrix_4_chr4, Class = integer

MaxCell_TileMatrix_4_chr4: length = 1
[1] 626499


2024-04-17 14:58:37 : Adding TileMatrix to Sample_BCG_h3 for Chr (5 of 24)!, 1.575 mins elapsed.

2024-04-17 14:58:41 : NTiles_TileMatrix_5_chr5, Class = numeric

NTiles_TileMatrix_5_chr5: length = 1
  chr5 
363077 



2024-04-17 14:58:41 : NCells_TileMatrix_5_chr5, Class = integer

NCells_TileMatrix_5_chr5: length = 1
[1] 649415



2024-04-17 14:58:41 : MinTile_TileMatrix_5_chr5, Class = numeric

MinTile_TileMatrix_5_chr5: length = 1
[1] 21



2024-04-17 14:58:41 : MaxTile_TileMatrix_5_chr5, Class = numeric

MaxTile_TileMatrix_5_chr5: length = 1
[1] 362956



2024-04-17 14:58:41 : MinCell_TileMatrix_5_chr5, Class = integer

MinCell_TileMatrix_5_chr5: length = 1
[1] 1



2024-04-17 14:58:41 : MaxCell_TileMatrix_5_chr5, Class = integer

MaxCell_TileMatrix_5_chr5: length = 1
[1] 631102


2024-04-17 14:58:53 : Adding TileMatrix to Sample_BCG_h3 for Chr (6 of 24)!, 1.835 mins elapsed.

2024-04-17 14:58:57 : NTiles_TileMatrix_6_chr6, Class = numeric

NTiles_TileMatrix_6_chr6: length = 1
  chr6 
341612 



2024-04-17 14:58:57 : NCells_TileMatrix_6_chr6, Class = integer

NCells_TileMatrix_6_chr6: length = 1
[1] 649415



2024-04-17 14:58:57 : MinTile_TileMatrix_6_chr6, Class = numeric

MinTile_TileMatrix_6_chr6: length = 1
[1] 128



2024-04-17 14:58:57 : MaxTile_TileMatrix_6_chr6, Class = numeric

MaxTile_TileMatrix_6_chr6: length = 1
[1] 341485



2024-04-17 14:58:57 : MinCell_TileMatrix_6_chr6, Class = integer

MinCell_TileMatrix_6_chr6: length = 1
[1] 1



2024-04-17 14:58:57 : MaxCell_TileMatrix_6_chr6, Class = integer

MaxCell_TileMatrix_6_chr6: length = 1
[1] 635670


2024-04-17 14:59:07 : Adding TileMatrix to Sample_BCG_h3 for Chr (7 of 24)!, 2.08 mins elapsed.

2024-04-17 14:59:11 : NTiles_TileMatrix_7_chr7, Class = numeric

NTiles_TileMatrix_7_chr7: length = 1
  chr7 
318692 



2024-04-17 14:59:11 : NCells_TileMatrix_7_chr7, Class = integer

NCells_TileMatrix_7_chr7: length = 1
[1] 649415



2024-04-17 14:59:11 : MinTile_TileMatrix_7_chr7, Class = numeric

MinTile_TileMatrix_7_chr7: length = 1
[1] 21



2024-04-17 14:59:11 : MaxTile_TileMatrix_7_chr7, Class = numeric

MaxTile_TileMatrix_7_chr7: length = 1
[1] 318672



2024-04-17 14:59:11 : MinCell_TileMatrix_7_chr7, Class = integer

MinCell_TileMatrix_7_chr7: length = 1
[1] 1



2024-04-17 14:59:11 : MaxCell_TileMatrix_7_chr7, Class = integer

MaxCell_TileMatrix_7_chr7: length = 1
[1] 639926


2024-04-17 14:59:21 : Adding TileMatrix to Sample_BCG_h3 for Chr (8 of 24)!, 2.307 mins elapsed.

2024-04-17 14:59:24 : NTiles_TileMatrix_8_chr8, Class = numeric

NTiles_TileMatrix_8_chr8: length = 1
  chr8 
290278 



2024-04-17 14:59:24 : NCells_TileMatrix_8_chr8, Class = integer

NCells_TileMatrix_8_chr8: length = 1
[1] 649415



2024-04-17 14:59:24 : MinTile_TileMatrix_8_chr8, Class = numeric

MinTile_TileMatrix_8_chr8: length = 1
[1] 123



2024-04-17 14:59:24 : MaxTile_TileMatrix_8_chr8, Class = numeric

MaxTile_TileMatrix_8_chr8: length = 1
[1] 290157



2024-04-17 14:59:24 : MinCell_TileMatrix_8_chr8, Class = integer

MinCell_TileMatrix_8_chr8: length = 1
[1] 1



2024-04-17 14:59:24 : MaxCell_TileMatrix_8_chr8, Class = integer

MaxCell_TileMatrix_8_chr8: length = 1
[1] 643723


2024-04-17 14:59:34 : Adding TileMatrix to Sample_BCG_h3 for Chr (9 of 24)!, 2.526 mins elapsed.

2024-04-17 14:59:37 : NTiles_TileMatrix_9_chr9, Class = numeric

NTiles_TileMatrix_9_chr9: length = 1
  chr9 
276790 



2024-04-17 14:59:37 : NCells_TileMatrix_9_chr9, Class = integer

NCells_TileMatrix_9_chr9: length = 1
[1] 649415



2024-04-17 14:59:37 : MinTile_TileMatrix_9_chr9, Class = numeric

MinTile_TileMatrix_9_chr9: length = 1
[1] 21



2024-04-17 14:59:37 : MaxTile_TileMatrix_9_chr9, Class = numeric

MaxTile_TileMatrix_9_chr9: length = 1
[1] 276670



2024-04-17 14:59:37 : MinCell_TileMatrix_9_chr9, Class = integer

MinCell_TileMatrix_9_chr9: length = 1
[1] 1



2024-04-17 14:59:37 : MaxCell_TileMatrix_9_chr9, Class = integer

MaxCell_TileMatrix_9_chr9: length = 1
[1] 647021


2024-04-17 14:59:45 : Adding TileMatrix to Sample_BCG_h3 for Chr (10 of 24)!, 2.717 mins elapsed.

2024-04-17 14:59:49 : NTiles_TileMatrix_10_chr10, Class = numeric

NTiles_TileMatrix_10_chr10: length = 1
 chr10 
267595 



2024-04-17 14:59:49 : NCells_TileMatrix_10_chr10, Class = integer

NCells_TileMatrix_10_chr10: length = 1
[1] 649415



2024-04-17 14:59:49 : MinTile_TileMatrix_10_chr10, Class = numeric

MinTile_TileMatrix_10_chr10: length = 1
[1] 21



2024-04-17 14:59:49 : MaxTile_TileMatrix_10_chr10, Class = numeric

MaxTile_TileMatrix_10_chr10: length = 1
[1] 267575



2024-04-17 14:59:49 : MinCell_TileMatrix_10_chr10, Class = integer

MinCell_TileMatrix_10_chr10: length = 1
[1] 1



2024-04-17 14:59:49 : MaxCell_TileMatrix_10_chr10, Class = integer

MaxCell_TileMatrix_10_chr10: length = 1
[1] 581106


2024-04-17 14:59:59 : Adding TileMatrix to Sample_BCG_h3 for Chr (11 of 24)!, 2.936 mins elapsed.

2024-04-17 15:00:02 : NTiles_TileMatrix_11_chr11, Class = numeric

NTiles_TileMatrix_11_chr11: length = 1
 chr11 
270174 



2024-04-17 15:00:02 : NCells_TileMatrix_11_chr11, Class = integer

NCells_TileMatrix_11_chr11: length = 1
[1] 649415



2024-04-17 15:00:02 : MinTile_TileMatrix_11_chr11, Class = numeric

MinTile_TileMatrix_11_chr11: length = 1
[1] 204



2024-04-17 15:00:02 : MaxTile_TileMatrix_11_chr11, Class = numeric

MaxTile_TileMatrix_11_chr11: length = 1
[1] 270154



2024-04-17 15:00:02 : MinCell_TileMatrix_11_chr11, Class = integer

MinCell_TileMatrix_11_chr11: length = 1
[1] 1



2024-04-17 15:00:02 : MaxCell_TileMatrix_11_chr11, Class = integer

MaxCell_TileMatrix_11_chr11: length = 1
[1] 584991


2024-04-17 15:00:13 : Adding TileMatrix to Sample_BCG_h3 for Chr (12 of 24)!, 3.168 mins elapsed.

2024-04-17 15:00:16 : NTiles_TileMatrix_12_chr12, Class = numeric

NTiles_TileMatrix_12_chr12: length = 1
 chr12 
266551 



2024-04-17 15:00:16 : NCells_TileMatrix_12_chr12, Class = integer

NCells_TileMatrix_12_chr12: length = 1
[1] 649415



2024-04-17 15:00:16 : MinTile_TileMatrix_12_chr12, Class = numeric

MinTile_TileMatrix_12_chr12: length = 1
[1] 21



2024-04-17 15:00:16 : MaxTile_TileMatrix_12_chr12, Class = numeric

MaxTile_TileMatrix_12_chr12: length = 1
[1] 266531



2024-04-17 15:00:16 : MinCell_TileMatrix_12_chr12, Class = integer

MinCell_TileMatrix_12_chr12: length = 1
[1] 1



2024-04-17 15:00:16 : MaxCell_TileMatrix_12_chr12, Class = integer

MaxCell_TileMatrix_12_chr12: length = 1
[1] 588828


2024-04-17 15:00:25 : Adding TileMatrix to Sample_BCG_h3 for Chr (13 of 24)!, 3.375 mins elapsed.

2024-04-17 15:00:27 : NTiles_TileMatrix_13_chr13, Class = numeric

NTiles_TileMatrix_13_chr13: length = 1
 chr13 
228729 



2024-04-17 15:00:27 : NCells_TileMatrix_13_chr13, Class = integer

NCells_TileMatrix_13_chr13: length = 1
[1] 649415



2024-04-17 15:00:27 : MinTile_TileMatrix_13_chr13, Class = numeric

MinTile_TileMatrix_13_chr13: length = 1
[1] 32575



2024-04-17 15:00:27 : MaxTile_TileMatrix_13_chr13, Class = numeric

MaxTile_TileMatrix_13_chr13: length = 1
[1] 228709



2024-04-17 15:00:27 : MinCell_TileMatrix_13_chr13, Class = integer

MinCell_TileMatrix_13_chr13: length = 1
[1] 1



2024-04-17 15:00:27 : MaxCell_TileMatrix_13_chr13, Class = integer

MaxCell_TileMatrix_13_chr13: length = 1
[1] 591151


2024-04-17 15:00:34 : Adding TileMatrix to Sample_BCG_h3 for Chr (14 of 24)!, 3.528 mins elapsed.

2024-04-17 15:00:36 : NTiles_TileMatrix_14_chr14, Class = numeric

NTiles_TileMatrix_14_chr14: length = 1
 chr14 
214088 



2024-04-17 15:00:36 : NCells_TileMatrix_14_chr14, Class = integer

NCells_TileMatrix_14_chr14: length = 1
[1] 649415



2024-04-17 15:00:36 : MinTile_TileMatrix_14_chr14, Class = numeric

MinTile_TileMatrix_14_chr14: length = 1
[1] 32046



2024-04-17 15:00:36 : MaxTile_TileMatrix_14_chr14, Class = numeric

MaxTile_TileMatrix_14_chr14: length = 1
[1] 213768



2024-04-17 15:00:36 : MinCell_TileMatrix_14_chr14, Class = integer

MinCell_TileMatrix_14_chr14: length = 1
[1] 1



2024-04-17 15:00:36 : MaxCell_TileMatrix_14_chr14, Class = integer

MaxCell_TileMatrix_14_chr14: length = 1
[1] 593689


2024-04-17 15:00:44 : Adding TileMatrix to Sample_BCG_h3 for Chr (15 of 24)!, 3.685 mins elapsed.

2024-04-17 15:00:45 : NTiles_TileMatrix_15_chr15, Class = numeric

NTiles_TileMatrix_15_chr15: length = 1
 chr15 
203983 



2024-04-17 15:00:45 : NCells_TileMatrix_15_chr15, Class = integer

NCells_TileMatrix_15_chr15: length = 1
[1] 649415



2024-04-17 15:00:45 : MinTile_TileMatrix_15_chr15, Class = numeric

MinTile_TileMatrix_15_chr15: length = 1
[1] 34016



2024-04-17 15:00:45 : MaxTile_TileMatrix_15_chr15, Class = numeric

MaxTile_TileMatrix_15_chr15: length = 1
[1] 203963



2024-04-17 15:00:46 : MinCell_TileMatrix_15_chr15, Class = integer

MinCell_TileMatrix_15_chr15: length = 1
[1] 1



2024-04-17 15:00:46 : MaxCell_TileMatrix_15_chr15, Class = integer

MaxCell_TileMatrix_15_chr15: length = 1
[1] 596033


2024-04-17 15:00:53 : Adding TileMatrix to Sample_BCG_h3 for Chr (16 of 24)!, 3.838 mins elapsed.

2024-04-17 15:00:55 : NTiles_TileMatrix_16_chr16, Class = numeric

NTiles_TileMatrix_16_chr16: length = 1
 chr16 
180677 



2024-04-17 15:00:55 : NCells_TileMatrix_16_chr16, Class = integer

NCells_TileMatrix_16_chr16: length = 1
[1] 649415



2024-04-17 15:00:55 : MinTile_TileMatrix_16_chr16, Class = numeric

MinTile_TileMatrix_16_chr16: length = 1
[1] 20



2024-04-17 15:00:55 : MaxTile_TileMatrix_16_chr16, Class = numeric

MaxTile_TileMatrix_16_chr16: length = 1
[1] 180457



2024-04-17 15:00:55 : MinCell_TileMatrix_16_chr16, Class = integer

MinCell_TileMatrix_16_chr16: length = 1
[1] 1



2024-04-17 15:00:55 : MaxCell_TileMatrix_16_chr16, Class = integer

MaxCell_TileMatrix_16_chr16: length = 1
[1] 598681


2024-04-17 15:01:02 : Adding TileMatrix to Sample_BCG_h3 for Chr (17 of 24)!, 3.993 mins elapsed.

2024-04-17 15:01:04 : NTiles_TileMatrix_17_chr17, Class = numeric

NTiles_TileMatrix_17_chr17: length = 1
 chr17 
166515 



2024-04-17 15:01:04 : NCells_TileMatrix_17_chr17, Class = integer

NCells_TileMatrix_17_chr17: length = 1
[1] 649415



2024-04-17 15:01:04 : MinTile_TileMatrix_17_chr17, Class = numeric

MinTile_TileMatrix_17_chr17: length = 1
[1] 146



2024-04-17 15:01:04 : MaxTile_TileMatrix_17_chr17, Class = numeric

MaxTile_TileMatrix_17_chr17: length = 1
[1] 166495



2024-04-17 15:01:04 : MinCell_TileMatrix_17_chr17, Class = integer

MinCell_TileMatrix_17_chr17: length = 1
[1] 1



2024-04-17 15:01:04 : MaxCell_TileMatrix_17_chr17, Class = integer

MaxCell_TileMatrix_17_chr17: length = 1
[1] 601447


2024-04-17 15:01:12 : Adding TileMatrix to Sample_BCG_h3 for Chr (18 of 24)!, 4.153 mins elapsed.

2024-04-17 15:01:13 : NTiles_TileMatrix_18_chr18, Class = numeric

NTiles_TileMatrix_18_chr18: length = 1
 chr18 
160747 



2024-04-17 15:01:13 : NCells_TileMatrix_18_chr18, Class = integer

NCells_TileMatrix_18_chr18: length = 1
[1] 649415



2024-04-17 15:01:13 : MinTile_TileMatrix_18_chr18, Class = numeric

MinTile_TileMatrix_18_chr18: length = 1
[1] 21



2024-04-17 15:01:13 : MaxTile_TileMatrix_18_chr18, Class = numeric

MaxTile_TileMatrix_18_chr18: length = 1
[1] 160527



2024-04-17 15:01:13 : MinCell_TileMatrix_18_chr18, Class = integer

MinCell_TileMatrix_18_chr18: length = 1
[1] 1



2024-04-17 15:01:13 : MaxCell_TileMatrix_18_chr18, Class = integer

MaxCell_TileMatrix_18_chr18: length = 1
[1] 603438


2024-04-17 15:01:20 : Adding TileMatrix to Sample_BCG_h3 for Chr (19 of 24)!, 4.288 mins elapsed.

2024-04-17 15:01:21 : NTiles_TileMatrix_19_chr19, Class = numeric

NTiles_TileMatrix_19_chr19: length = 1
 chr19 
117236 



2024-04-17 15:01:21 : NCells_TileMatrix_19_chr19, Class = integer

NCells_TileMatrix_19_chr19: length = 1
[1] 649415



2024-04-17 15:01:21 : MinTile_TileMatrix_19_chr19, Class = numeric

MinTile_TileMatrix_19_chr19: length = 1
[1] 123



2024-04-17 15:01:21 : MaxTile_TileMatrix_19_chr19, Class = numeric

MaxTile_TileMatrix_19_chr19: length = 1
[1] 117216



2024-04-17 15:01:21 : MinCell_TileMatrix_19_chr19, Class = integer

MinCell_TileMatrix_19_chr19: length = 1
[1] 1



2024-04-17 15:01:22 : MaxCell_TileMatrix_19_chr19, Class = integer

MaxCell_TileMatrix_19_chr19: length = 1
[1] 605717


2024-04-17 15:01:28 : Adding TileMatrix to Sample_BCG_h3 for Chr (20 of 24)!, 4.422 mins elapsed.

2024-04-17 15:01:29 : NTiles_TileMatrix_20_chr20, Class = numeric

NTiles_TileMatrix_20_chr20: length = 1
 chr20 
128889 



2024-04-17 15:01:29 : NCells_TileMatrix_20_chr20, Class = integer

NCells_TileMatrix_20_chr20: length = 1
[1] 649415



2024-04-17 15:01:29 : MinTile_TileMatrix_20_chr20, Class = numeric

MinTile_TileMatrix_20_chr20: length = 1
[1] 120



2024-04-17 15:01:29 : MaxTile_TileMatrix_20_chr20, Class = numeric

MaxTile_TileMatrix_20_chr20: length = 1
[1] 128669



2024-04-17 15:01:29 : MinCell_TileMatrix_20_chr20, Class = integer

MinCell_TileMatrix_20_chr20: length = 1
[1] 1



2024-04-17 15:01:29 : MaxCell_TileMatrix_20_chr20, Class = integer

MaxCell_TileMatrix_20_chr20: length = 1
[1] 614158


2024-04-17 15:01:36 : Adding TileMatrix to Sample_BCG_h3 for Chr (21 of 24)!, 4.553 mins elapsed.

2024-04-17 15:01:36 : NTiles_TileMatrix_21_chr21, Class = numeric

NTiles_TileMatrix_21_chr21: length = 1
chr21 
93420 



2024-04-17 15:01:36 : NCells_TileMatrix_21_chr21, Class = integer

NCells_TileMatrix_21_chr21: length = 1
[1] 649415



2024-04-17 15:01:36 : MinTile_TileMatrix_21_chr21, Class = numeric

MinTile_TileMatrix_21_chr21: length = 1
[1] 10062



2024-04-17 15:01:37 : MaxTile_TileMatrix_21_chr21, Class = numeric

MaxTile_TileMatrix_21_chr21: length = 1
[1] 93400



2024-04-17 15:01:37 : MinCell_TileMatrix_21_chr21, Class = integer

MinCell_TileMatrix_21_chr21: length = 1
[1] 1



2024-04-17 15:01:37 : MaxCell_TileMatrix_21_chr21, Class = integer

MaxCell_TileMatrix_21_chr21: length = 1
[1] 615167


2024-04-17 15:01:41 : Adding TileMatrix to Sample_BCG_h3 for Chr (22 of 24)!, 4.644 mins elapsed.

2024-04-17 15:01:42 : NTiles_TileMatrix_22_chr22, Class = numeric

NTiles_TileMatrix_22_chr22: length = 1
 chr22 
101637 



2024-04-17 15:01:42 : NCells_TileMatrix_22_chr22, Class = integer

NCells_TileMatrix_22_chr22: length = 1
[1] 649415



2024-04-17 15:01:42 : MinTile_TileMatrix_22_chr22, Class = numeric

MinTile_TileMatrix_22_chr22: length = 1
[1] 21021



2024-04-17 15:01:42 : MaxTile_TileMatrix_22_chr22, Class = numeric

MaxTile_TileMatrix_22_chr22: length = 1
[1] 101617



2024-04-17 15:01:42 : MinCell_TileMatrix_22_chr22, Class = integer

MinCell_TileMatrix_22_chr22: length = 1
[1] 1



2024-04-17 15:01:42 : MaxCell_TileMatrix_22_chr22, Class = integer

MaxCell_TileMatrix_22_chr22: length = 1
[1] 616468


2024-04-17 15:01:47 : Adding TileMatrix to Sample_BCG_h3 for Chr (23 of 24)!, 4.746 mins elapsed.

2024-04-17 15:01:49 : NTiles_TileMatrix_23_chrX, Class = numeric

NTiles_TileMatrix_23_chrX: length = 1
  chrX 
312082 



2024-04-17 15:01:49 : NCells_TileMatrix_23_chrX, Class = integer

NCells_TileMatrix_23_chrX: length = 1
[1] 649415



2024-04-17 15:01:49 : MinTile_TileMatrix_23_chrX, Class = numeric

MinTile_TileMatrix_23_chrX: length = 1
[1] 21



2024-04-17 15:01:49 : MaxTile_TileMatrix_23_chrX, Class = numeric

MaxTile_TileMatrix_23_chrX: length = 1
[1] 312062



2024-04-17 15:01:49 : MinCell_TileMatrix_23_chrX, Class = integer

MinCell_TileMatrix_23_chrX: length = 1
[1] 1



2024-04-17 15:01:49 : MaxCell_TileMatrix_23_chrX, Class = integer

MaxCell_TileMatrix_23_chrX: length = 1
[1] 649256


2024-04-17 15:01:56 : Adding TileMatrix to Sample_BCG_h3 for Chr (24 of 24)!, 4.891 mins elapsed.

2024-04-17 15:01:56 : NTiles_TileMatrix_24_chrY, Class = numeric

NTiles_TileMatrix_24_chrY: length = 1
  chrY 
114455 



2024-04-17 15:01:56 : NCells_TileMatrix_24_chrY, Class = integer

NCells_TileMatrix_24_chrY: length = 1
[1] 649415



2024-04-17 15:01:56 : MinTile_TileMatrix_24_chrY, Class = numeric

MinTile_TileMatrix_24_chrY: length = 1
[1] 5564



2024-04-17 15:01:56 : MaxTile_TileMatrix_24_chrY, Class = numeric

MaxTile_TileMatrix_24_chrY: length = 1
[1] 113776



2024-04-17 15:01:56 : MinCell_TileMatrix_24_chrY, Class = integer

MinCell_TileMatrix_24_chrY: length = 1
[1] 1



2024-04-17 15:01:56 : MaxCell_TileMatrix_24_chrY, Class = integer

MaxCell_TileMatrix_24_chrY: length = 1
[1] 649415


2024-04-17 15:02:00 : (Sample_BCG_h3 : 1 of 1) Finished Adding TileMatrix!, 43.435 mins elapsed.
2024-04-17 15:02:00 : (Sample_BCG_h3 : 1 of 1) Finished Creating Arrow File, 43.435 mins elapsed.

------- Completed

End Time : 2024-04-17 15:02:00
Elapsed Time Minutes = 43.4481734275818
Elapsed Time Hours = 0.724136264257961

-------



